[ 2017-04-17T10:53:01+08:00 ] 124.128.14.206 /group16/hm_cjml/index.php?g=webadmin&m=login&a=index
INFO: [ app_begin ] --START--
INFO: ReadHtmlCache Behavior ::run [ RunTime:0.000000s ]
INFO: [ app_begin ] --END-- [ RunTime:0.000000s ]
SQL: select * from sys_admin where account='admin'  [ RunTime:0.031250s ]
SQL: update sys_admin set login=login+1,lastlogintime='2017-04-17 10:53:00',lastloginip='124.128.14.206' where id=1 [ RunTime:0.000000s ]

[ 2017-04-17T10:53:09+08:00 ] 124.128.14.206 /group16/hm_cjml/index.php?g=webadmin&m=shop&a=classify_list
INFO: [ app_begin ] --START--
INFO: ReadHtmlCache Behavior ::run [ RunTime:0.000000s ]
INFO: [ app_begin ] --END-- [ RunTime:0.000000s ]
SQL: select id,name from sys_classify where parentid=0 and flag=1 [ RunTime:0.000000s ]

[ 2017-04-17T10:53:10+08:00 ] 124.128.14.206 /group16/hm_cjml/index.php?g=webadmin&m=shop&a=classify_list
INFO: [ app_begin ] --START--
INFO: ReadHtmlCache Behavior ::run [ RunTime:0.000000s ]
INFO: [ app_begin ] --END-- [ RunTime:0.000000s ]
SQL: select id,name from sys_classify where parentid=0 and flag=1 [ RunTime:0.000000s ]

[ 2017-04-17T10:53:12+08:00 ] 124.128.14.206 /group16/hm_cjml/index.php?g=webadmin&m=shop&a=scoregoods_list
ERR: 非法操作:scoregoods_list

[ 2017-04-17T10:54:55+08:00 ] 124.128.14.206 /group16/hm_cjml/index.php?g=webadmin&m=shop&a=scoregoods_list
ERR: 非法操作:scoregoods_list

[ 2017-04-17T11:03:20+08:00 ] 124.128.14.206 /group16/hm_cjml/index.php?g=webadmin&m=score&a=order_change
INFO: [ app_begin ] --START--
INFO: ReadHtmlCache Behavior ::run [ RunTime:0.000000s ]
INFO: [ app_begin ] --END-- [ RunTime:0.000000s ]
SQL: update sys_order set orderflag = 1 where id in (28) [ RunTime:0.015625s ]

[ 2017-04-17T11:04:06+08:00 ] 124.128.14.206 /group16/hm_cjml/index.php?g=webadmin&m=lottery&a=one_classify_id&parentid=0
INFO: [ app_begin ] --START--
INFO: ReadHtmlCache Behavior ::run [ RunTime:0.000000s ]
INFO: [ app_begin ] --END-- [ RunTime:0.000000s ]
SQL: select id,name from sys_course_type where parentid=0 [ RunTime:0.000000s ]
ERR: 1146:Table 'hm_cjml.sys_course_type' doesn't exist
 [ SQL语句 ] : select id,name from sys_course_type where parentid=0

[ 2017-04-17T11:04:07+08:00 ] 124.128.14.206 /group16/hm_cjml/index.php?g=webadmin&m=lottery&a=one_classify_id&parentid=0
INFO: [ app_begin ] --START--
INFO: ReadHtmlCache Behavior ::run [ RunTime:0.000000s ]
INFO: [ app_begin ] --END-- [ RunTime:0.000000s ]
SQL: select id,name from sys_course_type where parentid=0 [ RunTime:0.000000s ]
ERR: 1146:Table 'hm_cjml.sys_course_type' doesn't exist
 [ SQL语句 ] : select id,name from sys_course_type where parentid=0

[ 2017-04-17T11:04:07+08:00 ] 124.128.14.206 /group16/hm_cjml/index.php?g=webadmin&m=lottery&a=one_classify_id&parentid=0
INFO: [ app_begin ] --START--
INFO: ReadHtmlCache Behavior ::run [ RunTime:0.000000s ]
INFO: [ app_begin ] --END-- [ RunTime:0.000000s ]
SQL: select id,name from sys_course_type where parentid=0 [ RunTime:0.000000s ]
ERR: 1146:Table 'hm_cjml.sys_course_type' doesn't exist
 [ SQL语句 ] : select id,name from sys_course_type where parentid=0

[ 2017-04-17T11:08:54+08:00 ] 124.128.14.206 /group16/hm_cjml/index.php?g=webadmin&m=lottery&a=one_classify_id&parentid=0
INFO: [ app_begin ] --START--
INFO: ReadHtmlCache Behavior ::run [ RunTime:0.000000s ]
INFO: [ app_begin ] --END-- [ RunTime:0.000000s ]
SQL: select id,name from sys_course_type where parentid=0 [ RunTime:0.000000s ]
ERR: 1146:Table 'hm_cjml.sys_course_type' doesn't exist
 [ SQL语句 ] : select id,name from sys_course_type where parentid=0

[ 2017-04-17T11:08:54+08:00 ] 124.128.14.206 /group16/hm_cjml/index.php?g=webadmin&m=lottery&a=one_classify_id&parentid=0
INFO: [ app_begin ] --START--
INFO: ReadHtmlCache Behavior ::run [ RunTime:0.015625s ]
INFO: [ app_begin ] --END-- [ RunTime:0.015625s ]
SQL: select id,name from sys_course_type where parentid=0 [ RunTime:0.000000s ]
ERR: 1146:Table 'hm_cjml.sys_course_type' doesn't exist
 [ SQL语句 ] : select id,name from sys_course_type where parentid=0

[ 2017-04-17T11:08:54+08:00 ] 124.128.14.206 /group16/hm_cjml/index.php?g=webadmin&m=lottery&a=one_classify_id&parentid=0
INFO: [ app_begin ] --START--
INFO: ReadHtmlCache Behavior ::run [ RunTime:0.000000s ]
INFO: [ app_begin ] --END-- [ RunTime:0.000000s ]
SQL: select id,name from sys_course_type where parentid=0 [ RunTime:0.000000s ]
ERR: 1146:Table 'hm_cjml.sys_course_type' doesn't exist
 [ SQL语句 ] : select id,name from sys_course_type where parentid=0

[ 2017-04-17T11:11:54+08:00 ] 124.128.14.206 /group16/hm_cjml/index.php?g=webadmin&m=lottery&a=one_classify_id&parentid=0
INFO: [ app_begin ] --START--
INFO: ReadHtmlCache Behavior ::run [ RunTime:0.015625s ]
INFO: [ app_begin ] --END-- [ RunTime:0.015625s ]
SQL: select id,name from sys_course_type where parentid=0 [ RunTime:0.000000s ]
ERR: 1146:Table 'hm_cjml.sys_course_type' doesn't exist
 [ SQL语句 ] : select id,name from sys_course_type where parentid=0

[ 2017-04-17T11:11:54+08:00 ] 124.128.14.206 /group16/hm_cjml/index.php?g=webadmin&m=lottery&a=one_classify_id&parentid=0
INFO: [ app_begin ] --START--
INFO: ReadHtmlCache Behavior ::run [ RunTime:0.000000s ]
INFO: [ app_begin ] --END-- [ RunTime:0.000000s ]
SQL: select id,name from sys_course_type where parentid=0 [ RunTime:0.000000s ]
ERR: 1146:Table 'hm_cjml.sys_course_type' doesn't exist
 [ SQL语句 ] : select id,name from sys_course_type where parentid=0

[ 2017-04-17T11:11:54+08:00 ] 124.128.14.206 /group16/hm_cjml/index.php?g=webadmin&m=lottery&a=one_classify_id&parentid=0
INFO: [ app_begin ] --START--
INFO: ReadHtmlCache Behavior ::run [ RunTime:0.000000s ]
INFO: [ app_begin ] --END-- [ RunTime:0.000000s ]
SQL: select id,name from sys_course_type where parentid=0 [ RunTime:0.000000s ]
ERR: 1146:Table 'hm_cjml.sys_course_type' doesn't exist
 [ SQL语句 ] : select id,name from sys_course_type where parentid=0

[ 2017-04-17T11:12:52+08:00 ] 124.128.14.206 /group16/hm_cjml/index.php?g=webadmin&m=lottery&a=one_classify_id&parentid=0
INFO: [ app_begin ] --START--
INFO: ReadHtmlCache Behavior ::run [ RunTime:0.000000s ]
INFO: [ app_begin ] --END-- [ RunTime:0.000000s ]
SQL: select id,name from sys_course_type where parentid=0 [ RunTime:0.000000s ]
ERR: 1146:Table 'hm_cjml.sys_course_type' doesn't exist
 [ SQL语句 ] : select id,name from sys_course_type where parentid=0

[ 2017-04-17T11:12:52+08:00 ] 124.128.14.206 /group16/hm_cjml/index.php?g=webadmin&m=lottery&a=one_classify_id&parentid=0
INFO: [ app_begin ] --START--
INFO: ReadHtmlCache Behavior ::run [ RunTime:0.000000s ]
INFO: [ app_begin ] --END-- [ RunTime:0.000000s ]
SQL: select id,name from sys_course_type where parentid=0 [ RunTime:0.000000s ]
ERR: 1146:Table 'hm_cjml.sys_course_type' doesn't exist
 [ SQL语句 ] : select id,name from sys_course_type where parentid=0

[ 2017-04-17T11:12:52+08:00 ] 124.128.14.206 /group16/hm_cjml/index.php?g=webadmin&m=lottery&a=one_classify_id&parentid=0
INFO: [ app_begin ] --START--
INFO: ReadHtmlCache Behavior ::run [ RunTime:0.000000s ]
INFO: [ app_begin ] --END-- [ RunTime:0.000000s ]
SQL: select id,name from sys_course_type where parentid=0 [ RunTime:0.000000s ]
ERR: 1146:Table 'hm_cjml.sys_course_type' doesn't exist
 [ SQL语句 ] : select id,name from sys_course_type where parentid=0

