[ 2017-04-12T09:21:35+08:00 ] 124.128.14.206 /group16/hm_cjml/index.php?g=webadmin&m=login&a=index
INFO: [ app_begin ] --START--
INFO: ReadHtmlCache Behavior ::run [ RunTime:0.000000s ]
INFO: [ app_begin ] --END-- [ RunTime:0.000000s ]
SQL: select * from sys_admin where account='admin'  [ RunTime:0.015625s ]
SQL: update sys_admin set login=login+1,lastlogintime='2017-04-12 09:21:35',lastloginip='124.128.14.206' where id=1 [ RunTime:0.000000s ]

[ 2017-04-12T09:21:39+08:00 ] 124.128.14.206 /group16/hm_cjml/index.php?g=webadmin&m=lottery&a=one_classify_id&parentid=0
INFO: [ app_begin ] --START--
INFO: ReadHtmlCache Behavior ::run [ RunTime:0.000000s ]
INFO: [ app_begin ] --END-- [ RunTime:0.000000s ]
SQL: select id,name from sys_course_type where parentid=0 [ RunTime:0.000000s ]
ERR: 1146:Table 'hm_cjml.sys_course_type' doesn't exist
 [ SQL语句 ] : select id,name from sys_course_type where parentid=0

[ 2017-04-12T14:14:35+08:00 ] 124.128.14.206 /group16/hm_cjml/index.php?g=webadmin&m=login&a=index
INFO: [ app_begin ] --START--
INFO: ReadHtmlCache Behavior ::run [ RunTime:0.000000s ]
INFO: [ app_begin ] --END-- [ RunTime:0.000000s ]
SQL: select * from sys_admin where account='admin'  [ RunTime:0.000000s ]
SQL: update sys_admin set login=login+1,lastlogintime='2017-04-12 14:14:35',lastloginip='124.128.14.206' where id=1 [ RunTime:0.000000s ]

[ 2017-04-12T15:43:16+08:00 ] 124.128.14.206 /group16/hm_cjml/index.php?g=webadmin&m=login&a=index
INFO: [ app_begin ] --START--
INFO: ReadHtmlCache Behavior ::run [ RunTime:0.000000s ]
INFO: [ app_begin ] --END-- [ RunTime:0.000000s ]
SQL: select * from sys_admin where account='admin'  [ RunTime:0.000000s ]
SQL: update sys_admin set login=login+1,lastlogintime='2017-04-12 15:43:16',lastloginip='124.128.14.206' where id=1 [ RunTime:0.000000s ]

[ 2017-04-12T16:32:47+08:00 ] 124.128.14.206 /group16/hm_cjml/index.php?g=webadmin&m=shop&a=district_select_list
INFO: [ app_begin ] --START--
INFO: ReadHtmlCache Behavior ::run [ RunTime:0.000000s ]
INFO: [ app_begin ] --END-- [ RunTime:0.000000s ]
SQL: select id,name from sys_cascade_district where parentid=0 [ RunTime:0.000000s ]

[ 2017-04-12T16:32:47+08:00 ] 124.128.14.206 /group16/hm_cjml/index.php?g=webadmin&m=shop&a=district_select_list
INFO: [ app_begin ] --START--
INFO: ReadHtmlCache Behavior ::run [ RunTime:0.000000s ]
INFO: [ app_begin ] --END-- [ RunTime:0.000000s ]
SQL: select id,name from sys_cascade_district where parentid=0 [ RunTime:0.000000s ]

[ 2017-04-12T16:32:52+08:00 ] 124.128.14.206 /group16/hm_cjml/index.php?g=webadmin&m=shop&a=district_select_list
INFO: [ app_begin ] --START--
INFO: ReadHtmlCache Behavior ::run [ RunTime:0.000000s ]
INFO: [ app_begin ] --END-- [ RunTime:0.000000s ]
SQL: select id,name from sys_cascade_district where parentid=2 [ RunTime:0.000000s ]

[ 2017-04-12T16:33:46+08:00 ] 124.128.14.206 /group16/hm_cjml/index.php?g=webadmin&m=shop&a=classify_list
INFO: [ app_begin ] --START--
INFO: ReadHtmlCache Behavior ::run [ RunTime:0.000000s ]
INFO: [ app_begin ] --END-- [ RunTime:0.000000s ]
SQL: select id,name from sys_classify where parentid=0 [ RunTime:0.000000s ]

[ 2017-04-12T16:45:04+08:00 ] 124.128.14.206 /group16/hm_cjml/index.php?g=webadmin&m=shop&a=classify_list
INFO: [ app_begin ] --START--
INFO: ReadHtmlCache Behavior ::run [ RunTime:0.000000s ]
INFO: [ app_begin ] --END-- [ RunTime:0.000000s ]
SQL: select id,name from sys_classify where parentid=0 [ RunTime:0.000000s ]

[ 2017-04-12T16:45:05+08:00 ] 124.128.14.206 /group16/hm_cjml/index.php?g=webadmin&m=shop&a=classify_list
INFO: [ app_begin ] --START--
INFO: ReadHtmlCache Behavior ::run [ RunTime:0.000000s ]
INFO: [ app_begin ] --END-- [ RunTime:0.000000s ]
SQL: select id,name from sys_classify where parentid=0 [ RunTime:0.000000s ]

[ 2017-04-12T16:45:05+08:00 ] 124.128.14.206 /group16/hm_cjml/index.php?g=webadmin&m=shop&a=district_select_list
INFO: [ app_begin ] --START--
INFO: ReadHtmlCache Behavior ::run [ RunTime:0.015625s ]
INFO: [ app_begin ] --END-- [ RunTime:0.015625s ]
SQL: select id,name from sys_cascade_district where parentid=0 [ RunTime:0.000000s ]

[ 2017-04-12T16:51:48+08:00 ] 124.128.14.206 /group16/hm_cjml/index.php?g=webadmin&m=shop&a=district_select_list
INFO: [ app_begin ] --START--
INFO: ReadHtmlCache Behavior ::run [ RunTime:0.000000s ]
INFO: [ app_begin ] --END-- [ RunTime:0.000000s ]
SQL: select id,name from sys_cascade_district where parentid=8 [ RunTime:0.000000s ]

[ 2017-04-12T16:51:48+08:00 ] 124.128.14.206 /group16/hm_cjml/index.php?g=webadmin&m=shop&a=district_select_list
INFO: [ app_begin ] --START--
INFO: ReadHtmlCache Behavior ::run [ RunTime:0.000000s ]
INFO: [ app_begin ] --END-- [ RunTime:0.000000s ]
SQL: select id,name from sys_cascade_district where parentid=8 [ RunTime:0.000000s ]

[ 2017-04-12T16:52:28+08:00 ] 124.128.14.206 /group16/hm_cjml/index.php?g=webadmin&m=shop&a=classify_list
INFO: [ app_begin ] --START--
INFO: ReadHtmlCache Behavior ::run [ RunTime:0.000000s ]
INFO: [ app_begin ] --END-- [ RunTime:0.000000s ]
SQL: select id,name from sys_classify where parentid=0 [ RunTime:0.000000s ]

[ 2017-04-12T16:52:28+08:00 ] 124.128.14.206 /group16/hm_cjml/index.php?g=webadmin&m=shop&a=district_select_list
INFO: [ app_begin ] --START--
INFO: ReadHtmlCache Behavior ::run [ RunTime:0.000000s ]
INFO: [ app_begin ] --END-- [ RunTime:0.000000s ]
SQL: select id,name from sys_cascade_district where parentid=0 [ RunTime:0.000000s ]

[ 2017-04-12T16:55:06+08:00 ] 124.128.14.206 /group16/hm_cjml/index.php?g=webadmin&m=shop&a=classify_list
INFO: [ app_begin ] --START--
INFO: ReadHtmlCache Behavior ::run [ RunTime:0.000000s ]
INFO: [ app_begin ] --END-- [ RunTime:0.000000s ]
SQL: select id,name from sys_classify where parentid=0 [ RunTime:0.000000s ]

[ 2017-04-12T16:55:06+08:00 ] 124.128.14.206 /group16/hm_cjml/index.php?g=webadmin&m=shop&a=district_select_list
INFO: [ app_begin ] --START--
INFO: ReadHtmlCache Behavior ::run [ RunTime:0.000000s ]
INFO: [ app_begin ] --END-- [ RunTime:0.000000s ]
SQL: select id,name from sys_cascade_district where parentid=0 [ RunTime:0.000000s ]

[ 2017-04-12T17:07:26+08:00 ] 124.128.14.206 /group16/hm_cjml/index.php?g=webadmin&m=shop&a=classify_list
INFO: [ app_begin ] --START--
INFO: ReadHtmlCache Behavior ::run [ RunTime:0.000000s ]
INFO: [ app_begin ] --END-- [ RunTime:0.000000s ]
SQL: select id,name from sys_classify where parentid=0 [ RunTime:0.000000s ]

[ 2017-04-12T17:07:26+08:00 ] 124.128.14.206 /group16/hm_cjml/index.php?g=webadmin&m=shop&a=classify_list
INFO: [ app_begin ] --START--
INFO: ReadHtmlCache Behavior ::run [ RunTime:0.000000s ]
INFO: [ app_begin ] --END-- [ RunTime:0.000000s ]
SQL: select id,name from sys_classify where parentid=0 [ RunTime:0.000000s ]

[ 2017-04-12T17:07:27+08:00 ] 124.128.14.206 /group16/hm_cjml/index.php?g=webadmin&m=shop&a=district_select_list
INFO: [ app_begin ] --START--
INFO: ReadHtmlCache Behavior ::run [ RunTime:0.000000s ]
INFO: [ app_begin ] --END-- [ RunTime:0.000000s ]
SQL: select id,name from sys_cascade_district where parentid=0 [ RunTime:0.000000s ]

[ 2017-04-12T17:09:26+08:00 ] 124.128.14.206 /group16/hm_cjml/index.php?g=webadmin&m=shop&a=classify_list
INFO: [ app_begin ] --START--
INFO: ReadHtmlCache Behavior ::run [ RunTime:0.000000s ]
INFO: [ app_begin ] --END-- [ RunTime:0.000000s ]
SQL: select id,name from sys_classify where parentid=0 [ RunTime:0.000000s ]

[ 2017-04-12T17:09:26+08:00 ] 124.128.14.206 /group16/hm_cjml/index.php?g=webadmin&m=shop&a=classify_list
INFO: [ app_begin ] --START--
INFO: ReadHtmlCache Behavior ::run [ RunTime:0.000000s ]
INFO: [ app_begin ] --END-- [ RunTime:0.000000s ]
SQL: select id,name from sys_classify where parentid=0 [ RunTime:0.000000s ]

[ 2017-04-12T17:09:26+08:00 ] 124.128.14.206 /group16/hm_cjml/index.php?g=webadmin&m=shop&a=district_select_list
INFO: [ app_begin ] --START--
INFO: ReadHtmlCache Behavior ::run [ RunTime:0.000000s ]
INFO: [ app_begin ] --END-- [ RunTime:0.000000s ]
SQL: select id,name from sys_cascade_district where parentid=0 [ RunTime:0.000000s ]

[ 2017-04-12T17:12:07+08:00 ] 124.128.14.206 /group16/hm_cjml/index.php?g=webadmin&m=shop&a=district_select_list
INFO: [ app_begin ] --START--
INFO: ReadHtmlCache Behavior ::run [ RunTime:0.000000s ]
INFO: [ app_begin ] --END-- [ RunTime:0.000000s ]
SQL: select id,name from sys_cascade_district where parentid=16 [ RunTime:0.000000s ]

[ 2017-04-12T17:12:07+08:00 ] 124.128.14.206 /group16/hm_cjml/index.php?g=webadmin&m=shop&a=district_select_list
INFO: [ app_begin ] --START--
INFO: ReadHtmlCache Behavior ::run [ RunTime:0.000000s ]
INFO: [ app_begin ] --END-- [ RunTime:0.000000s ]
SQL: select id,name from sys_cascade_district where parentid=16 [ RunTime:0.000000s ]

[ 2017-04-12T17:15:32+08:00 ] 124.128.14.206 /group16/hm_cjml/index.php?g=webadmin&m=shop&a=classify_list
INFO: [ app_begin ] --START--
INFO: ReadHtmlCache Behavior ::run [ RunTime:0.000000s ]
INFO: [ app_begin ] --END-- [ RunTime:0.000000s ]
SQL: select id,name from sys_classify where parentid=0 [ RunTime:0.000000s ]

[ 2017-04-12T17:15:32+08:00 ] 124.128.14.206 /group16/hm_cjml/index.php?g=webadmin&m=shop&a=classify_list
INFO: [ app_begin ] --START--
INFO: ReadHtmlCache Behavior ::run [ RunTime:0.000000s ]
INFO: [ app_begin ] --END-- [ RunTime:0.000000s ]
SQL: select id,name from sys_classify where parentid=0 [ RunTime:0.000000s ]

[ 2017-04-12T17:15:32+08:00 ] 124.128.14.206 /group16/hm_cjml/index.php?g=webadmin&m=shop&a=district_select_list
INFO: [ app_begin ] --START--
INFO: ReadHtmlCache Behavior ::run [ RunTime:0.000000s ]
INFO: [ app_begin ] --END-- [ RunTime:0.000000s ]
SQL: select id,name from sys_cascade_district where parentid=0 [ RunTime:0.000000s ]

[ 2017-04-12T17:43:37+08:00 ] 124.128.14.206 /group16/hm_cjml/index.php?g=webadmin&m=login&a=index
INFO: [ app_begin ] --START--
INFO: ReadHtmlCache Behavior ::run [ RunTime:0.000000s ]
INFO: [ app_begin ] --END-- [ RunTime:0.000000s ]
SQL: select * from sys_admin where account='admin'  [ RunTime:0.000000s ]
SQL: update sys_admin set login=login+1,lastlogintime='2017-04-12 17:43:37',lastloginip='124.128.14.206' where id=1 [ RunTime:0.000000s ]

[ 2017-04-12T17:44:23+08:00 ] 124.128.14.206 /group16/hm_cjml/index.php?g=webadmin&m=shop&a=classify_list
INFO: [ app_begin ] --START--
INFO: ReadHtmlCache Behavior ::run [ RunTime:0.000000s ]
INFO: [ app_begin ] --END-- [ RunTime:0.000000s ]
SQL: select id,name from sys_classify where parentid=0 [ RunTime:0.000000s ]

[ 2017-04-12T17:44:24+08:00 ] 124.128.14.206 /group16/hm_cjml/index.php?g=webadmin&m=shop&a=classify_list
INFO: [ app_begin ] --START--
INFO: ReadHtmlCache Behavior ::run [ RunTime:0.000000s ]
INFO: [ app_begin ] --END-- [ RunTime:0.000000s ]
SQL: select id,name from sys_classify where parentid=0 [ RunTime:0.000000s ]

[ 2017-04-12T17:44:24+08:00 ] 124.128.14.206 /group16/hm_cjml/index.php?g=webadmin&m=shop&a=district_select_list
INFO: [ app_begin ] --START--
INFO: ReadHtmlCache Behavior ::run [ RunTime:0.000000s ]
INFO: [ app_begin ] --END-- [ RunTime:0.000000s ]
SQL: select id,name from sys_cascade_district where parentid=0 [ RunTime:0.000000s ]

[ 2017-04-12T17:45:49+08:00 ] 124.128.14.206 /group16/hm_cjml/index.php?g=webadmin&m=shop&a=district_select_list
INFO: [ app_begin ] --START--
INFO: ReadHtmlCache Behavior ::run [ RunTime:0.000000s ]
INFO: [ app_begin ] --END-- [ RunTime:0.000000s ]
SQL: select id,name from sys_cascade_district where parentid=2 [ RunTime:0.000000s ]

[ 2017-04-12T17:45:49+08:00 ] 124.128.14.206 /group16/hm_cjml/index.php?g=webadmin&m=shop&a=district_select_list
INFO: [ app_begin ] --START--
INFO: ReadHtmlCache Behavior ::run [ RunTime:0.000000s ]
INFO: [ app_begin ] --END-- [ RunTime:0.000000s ]
SQL: select id,name from sys_cascade_district where parentid=2 [ RunTime:0.000000s ]

[ 2017-04-12T17:49:55+08:00 ] 124.128.14.206 /group16/hm_cjml/index.php?g=webadmin&m=shop&a=classify_list
INFO: [ app_begin ] --START--
INFO: ReadHtmlCache Behavior ::run [ RunTime:0.000000s ]
INFO: [ app_begin ] --END-- [ RunTime:0.000000s ]
SQL: select id,name from sys_classify where parentid=0 [ RunTime:0.000000s ]

[ 2017-04-12T17:49:56+08:00 ] 124.128.14.206 /group16/hm_cjml/index.php?g=webadmin&m=shop&a=classify_list
INFO: [ app_begin ] --START--
INFO: ReadHtmlCache Behavior ::run [ RunTime:0.000000s ]
INFO: [ app_begin ] --END-- [ RunTime:0.000000s ]
SQL: select id,name from sys_classify where parentid=0 [ RunTime:0.000000s ]

[ 2017-04-12T17:49:56+08:00 ] 124.128.14.206 /group16/hm_cjml/index.php?g=webadmin&m=shop&a=district_select_list
INFO: [ app_begin ] --START--
INFO: ReadHtmlCache Behavior ::run [ RunTime:0.000000s ]
INFO: [ app_begin ] --END-- [ RunTime:0.000000s ]
SQL: select id,name from sys_cascade_district where parentid=0 [ RunTime:0.000000s ]

