[ 2017-04-19T09:55:28+08:00 ] 124.128.14.206 /group16/hm_cjml/index.php?g=webadmin&m=login&a=index
INFO: [ app_begin ] --START--
INFO: ReadHtmlCache Behavior ::run [ RunTime:0.000000s ]
INFO: [ app_begin ] --END-- [ RunTime:0.000000s ]
SQL: select * from sys_admin where account='admin'  [ RunTime:0.000000s ]
SQL: update sys_admin set login=login+1,lastlogintime='2017-04-19 09:55:28',lastloginip='124.128.14.206' where id=1 [ RunTime:0.000000s ]

[ 2017-04-19T09:55:40+08:00 ] 124.128.14.206 /group16/hm_cjml/index.php?g=webadmin&m=lottery&a=classify_list
INFO: [ app_begin ] --START--
INFO: ReadHtmlCache Behavior ::run [ RunTime:0.000000s ]
INFO: [ app_begin ] --END-- [ RunTime:0.000000s ]
SQL: select id,name from sys_classify where parentid=0 and flag=1 [ RunTime:0.000000s ]

[ 2017-04-19T13:20:13+08:00 ] 124.128.14.206 /group16/hm_cjml/index.php/Webservice/V100/client_login
INFO: [ app_begin ] --START--
INFO: ReadHtmlCache Behavior ::run [ RunTime:0.000000s ]
INFO: [ app_begin ] --END-- [ RunTime:0.000000s ]
SQL: select * from sys_client where id>0 and account='18800000000'  [ RunTime:0.000000s ]
NOTIC: [8] Undefined variable: nickname E:\web\group16\hm_cjml\web\Webservice\Action\V100Action.class.php 第 108 行.
SQL:  update sys_client set lastlogintime='2017-04-19 13:20:13' where id =1  [ RunTime:0.031250s ]
SQL:  insert into sys_login_history set client_id=1,regdate='2017-04-19 13:20:13' [ RunTime:0.062500s ]

[ 2017-04-19T13:20:20+08:00 ] 124.128.14.206 /group16/hm_cjml/index.php/Webservice/V100/prize_get
INFO: [ app_begin ] --START--
INFO: ReadHtmlCache Behavior ::run [ RunTime:0.000000s ]
INFO: [ app_begin ] --END-- [ RunTime:0.000000s ]
SQL: select luckdraw_rate from sys_set where id=1 [ RunTime:0.015625s ]
SQL: select * from sys_shop order by rand() limit 1 [ RunTime:0.015625s ]
SQL:  insert into sys_cash set client_id=1,regdate='2017-04-19 13:20:20',score='4.07',cashflag=3,isget=2,shop_id=11 [ RunTime:0.015625s ]
NOTIC: [8] Undefined offset: 0 E:\web\group16\hm_cjml\web\Webservice\Action\V100Action.class.php 第 544 行.
NOTIC: [8] Undefined offset: 0 E:\web\group16\hm_cjml\web\Webservice\Action\V100Action.class.php 第 545 行.

[ 2017-04-19T14:11:50+08:00 ] 124.128.14.206 /group16/hm_cjml/index.php/Webservice/V100/prize_get
INFO: [ app_begin ] --START--
INFO: ReadHtmlCache Behavior ::run [ RunTime:0.000000s ]
INFO: [ app_begin ] --END-- [ RunTime:0.000000s ]
SQL: select luckdraw_rate from sys_set where id=1 [ RunTime:0.000000s ]
SQL: select * from sys_shop order by rand() limit 1 [ RunTime:0.000000s ]
NOTIC: [8] Undefined offset: 0 E:\web\group16\hm_cjml\web\Webservice\Action\V100Action.class.php 第 552 行.
NOTIC: [8] Undefined offset: 0 E:\web\group16\hm_cjml\web\Webservice\Action\V100Action.class.php 第 553 行.

[ 2017-04-19T14:11:55+08:00 ] 124.128.14.206 /group16/hm_cjml/index.php/Webservice/V100/prize_get
INFO: [ app_begin ] --START--
INFO: ReadHtmlCache Behavior ::run [ RunTime:0.000000s ]
INFO: [ app_begin ] --END-- [ RunTime:0.000000s ]
SQL: select luckdraw_rate from sys_set where id=1 [ RunTime:0.000000s ]
SQL: select * from sys_image_text order by rand() limit 1 [ RunTime:0.015625s ]
NOTIC: [8] Undefined variable: shop_id E:\web\group16\hm_cjml\web\Webservice\Action\V100Action.class.php 第 549 行.
NOTIC: [8] Undefined variable: shopname E:\web\group16\hm_cjml\web\Webservice\Action\V100Action.class.php 第 550 行.

[ 2017-04-19T14:12:06+08:00 ] 124.128.14.206 /group16/hm_cjml/index.php/Webservice/V100/prize_get
INFO: [ app_begin ] --START--
INFO: ReadHtmlCache Behavior ::run [ RunTime:0.000000s ]
INFO: [ app_begin ] --END-- [ RunTime:0.000000s ]
SQL: select luckdraw_rate from sys_set where id=1 [ RunTime:0.000000s ]
SQL: select * from sys_shop order by rand() limit 1 [ RunTime:0.000000s ]
SQL: select isgetbag from sys_client where id=1 [ RunTime:0.000000s ]
SQL:  insert into sys_cash set client_id=1,regdate='2017-04-19 14:12:06',score='0.01',cashflag=3,isget=2,shop_id=13 [ RunTime:0.000000s ]
NOTIC: [8] Undefined offset: 0 E:\web\group16\hm_cjml\web\Webservice\Action\V100Action.class.php 第 552 行.
NOTIC: [8] Undefined offset: 0 E:\web\group16\hm_cjml\web\Webservice\Action\V100Action.class.php 第 553 行.

[ 2017-04-19T14:12:15+08:00 ] 124.128.14.206 /group16/hm_cjml/index.php/Webservice/V100/prize_get
INFO: [ app_begin ] --START--
INFO: ReadHtmlCache Behavior ::run [ RunTime:0.000000s ]
INFO: [ app_begin ] --END-- [ RunTime:0.000000s ]
SQL: select luckdraw_rate from sys_set where id=1 [ RunTime:0.000000s ]
SQL: select * from sys_shop order by rand() limit 1 [ RunTime:0.000000s ]
NOTIC: [8] Undefined offset: 0 E:\web\group16\hm_cjml\web\Webservice\Action\V100Action.class.php 第 552 行.
NOTIC: [8] Undefined offset: 0 E:\web\group16\hm_cjml\web\Webservice\Action\V100Action.class.php 第 553 行.

[ 2017-04-19T16:22:58+08:00 ] 124.128.14.206 /group16/hm_cjml/index.php/Webservice/V100/client_login
INFO: [ app_begin ] --START--
INFO: ReadHtmlCache Behavior ::run [ RunTime:0.000000s ]
INFO: [ app_begin ] --END-- [ RunTime:0.000000s ]
SQL: select * from sys_client where id>0 and account='18800000000'  [ RunTime:0.000000s ]
NOTIC: [8] Undefined variable: nickname E:\web\group16\hm_cjml\web\Webservice\Action\V100Action.class.php 第 108 行.
SQL:  update sys_client set lastlogintime='2017-04-19 16:22:58' where id =1  [ RunTime:0.015625s ]
SQL:  insert into sys_login_history set client_id=1,regdate='2017-04-19 16:22:58' [ RunTime:0.000000s ]

[ 2017-04-19T16:23:09+08:00 ] 124.128.14.206 /group16/hm_cjml/index.php/Webservice/V100/scoreorcash_save
INFO: [ app_begin ] --START--
INFO: ReadHtmlCache Behavior ::run [ RunTime:0.000000s ]
INFO: [ app_begin ] --END-- [ RunTime:0.000000s ]
SQL: select * from sys_scoredetail where id = 1 and scoretype = 2 and isget = 2 [ RunTime:0.031250s ]

[ 2017-04-19T16:23:47+08:00 ] 124.128.14.206 /group16/hm_cjml/index.php/Webservice/V100/scoreorcash_save
INFO: [ app_begin ] --START--
INFO: ReadHtmlCache Behavior ::run [ RunTime:0.000000s ]
INFO: [ app_begin ] --END-- [ RunTime:0.000000s ]
SQL: select count(*) from sys_o2order where client_id=1 and goods_fee>=30 and is_verification=1 [ RunTime:0.000000s ]

