[ 2017-05-03T09:09:58+08:00 ] 127.0.0.1 /hm_cjml/index.php?g=webadmin&m=login&a=index
INFO: [ app_begin ] --START--
INFO: ReadHtmlCache Behavior ::run [ RunTime:0.001000s ]
INFO: [ app_begin ] --END-- [ RunTime:0.001000s ]
NOTIC: [8192] mysql_connect(): The mysql extension is deprecated and will be removed in the future: use mysqli or PDO instead D:\group16\hm_cjml\ThinkPHP\Lib\Driver\Db\DbMysql.class.php 第 55 行.
SQL: select * from sys_admin where account='admin'  [ RunTime:0.041002s ]

[ 2017-05-03T09:10:07+08:00 ] 127.0.0.1 /hm_cjml/index.php?g=webadmin&m=login&a=index
INFO: [ app_begin ] --START--
INFO: ReadHtmlCache Behavior ::run [ RunTime:0.001001s ]
INFO: [ app_begin ] --END-- [ RunTime:0.001001s ]
NOTIC: [8192] mysql_connect(): The mysql extension is deprecated and will be removed in the future: use mysqli or PDO instead D:\group16\hm_cjml\ThinkPHP\Lib\Driver\Db\DbMysql.class.php 第 55 行.
SQL: select * from sys_admin where account='admin'  [ RunTime:0.001000s ]
SQL: update sys_admin set login=login+1,lastlogintime='2017-05-03 09:10:07',lastloginip='127.0.0.1' where id=1 [ RunTime:0.091005s ]

[ 2017-05-03T09:32:05+08:00 ] 127.0.0.1 /hm_cjml/index.php?g=webadmin&m=lottery&a=classify_list
INFO: [ app_begin ] --START--
INFO: ReadHtmlCache Behavior ::run [ RunTime:0.001001s ]
INFO: [ app_begin ] --END-- [ RunTime:0.001001s ]
NOTIC: [8192] mysql_connect(): The mysql extension is deprecated and will be removed in the future: use mysqli or PDO instead D:\group16\hm_cjml\ThinkPHP\Lib\Driver\Db\DbMysql.class.php 第 55 行.
SQL: select id,name from sys_classify where parentid=0 and flag=1 [ RunTime:0.000000s ]

[ 2017-05-03T09:59:30+08:00 ] 127.0.0.1 /hm_cjml/index.php?g=webadmin&m=income&a=cash_save
INFO: [ app_begin ] --START--
INFO: ReadHtmlCache Behavior ::run [ RunTime:0.001001s ]
INFO: [ app_begin ] --END-- [ RunTime:0.001001s ]
NOTIC: [8192] mysql_connect(): The mysql extension is deprecated and will be removed in the future: use mysqli or PDO instead D:\group16\hm_cjml\ThinkPHP\Lib\Driver\Db\DbMysql.class.php 第 55 行.
SQL: update sys_allcash set  flag = '2', remarks = '到账啦' where id=1 [ RunTime:0.000000s ]

[ 2017-05-03T10:22:46+08:00 ] 127.0.0.1 /hm_cjml/index.php/Webservice/V100/client_login
INFO: [ app_begin ] --START--
INFO: ReadHtmlCache Behavior ::run [ RunTime:0.001000s ]
INFO: [ app_begin ] --END-- [ RunTime:0.001000s ]
NOTIC: [8192] mysql_connect(): The mysql extension is deprecated and will be removed in the future: use mysqli or PDO instead D:\group16\hm_cjml\ThinkPHP\Lib\Driver\Db\DbMysql.class.php 第 55 行.
SQL: select * from sys_client where id>0 and account='18800000000'  [ RunTime:0.001000s ]
NOTIC: [8] Undefined variable: nickname D:\group16\hm_cjml\web\Webservice\Action\V100Action.class.php 第 120 行.
SQL:  update sys_client set lastlogintime='2017-05-03 10:22:46' where id =1  [ RunTime:0.125007s ]
SQL:  insert into sys_login_history set client_id=1,regdate='2017-05-03 10:22:46' [ RunTime:0.104006s ]

[ 2017-05-03T10:22:47+08:00 ] 127.0.0.1 /hm_cjml/index.php/Webservice/V100/client_login
INFO: [ app_begin ] --START--
INFO: ReadHtmlCache Behavior ::run [ RunTime:0.001000s ]
INFO: [ app_begin ] --END-- [ RunTime:0.001000s ]
NOTIC: [8192] mysql_connect(): The mysql extension is deprecated and will be removed in the future: use mysqli or PDO instead D:\group16\hm_cjml\ThinkPHP\Lib\Driver\Db\DbMysql.class.php 第 55 行.
SQL: select * from sys_client where id>0 and account='18800000000'  [ RunTime:0.001000s ]
NOTIC: [8] Undefined variable: nickname D:\group16\hm_cjml\web\Webservice\Action\V100Action.class.php 第 120 行.
SQL:  update sys_client set lastlogintime='2017-05-03 10:22:46' where id =1  [ RunTime:0.060003s ]
SQL:  insert into sys_login_history set client_id=1,regdate='2017-05-03 10:22:46' [ RunTime:0.001000s ]

[ 2017-05-03T10:23:02+08:00 ] 127.0.0.1 /hm_cjml/index.php/Webservice/V100/cash_withdrawal
INFO: [ app_begin ] --START--
INFO: ReadHtmlCache Behavior ::run [ RunTime:0.000000s ]
INFO: [ app_begin ] --END-- [ RunTime:0.001000s ]
NOTIC: [8192] mysql_connect(): The mysql extension is deprecated and will be removed in the future: use mysqli or PDO instead D:\group16\hm_cjml\ThinkPHP\Lib\Driver\Db\DbMysql.class.php 第 55 行.
SQL: select islive,wealth from sys_client where id=1 [ RunTime:0.000000s ]

[ 2017-05-03T10:23:11+08:00 ] 127.0.0.1 /hm_cjml/index.php/Webservice/V100/cash_withdrawal
INFO: [ app_begin ] --START--
INFO: ReadHtmlCache Behavior ::run [ RunTime:0.000000s ]
INFO: [ app_begin ] --END-- [ RunTime:0.001000s ]
NOTIC: [8192] mysql_connect(): The mysql extension is deprecated and will be removed in the future: use mysqli or PDO instead D:\group16\hm_cjml\ThinkPHP\Lib\Driver\Db\DbMysql.class.php 第 55 行.
SQL: select islive,wealth from sys_client where id=1 [ RunTime:0.000000s ]
SQL: select bank,bankcard_name,bankcard from sys_client where id=1 [ RunTime:0.001000s ]
SQL: select feeaccount from sys_client where id=1 [ RunTime:0.000000s ]
SQL: insert into sys_cash set client_id='1',score='122',cashflag=1,regdate='2017-05-03 10:23:11',type=2,isget=1 [ RunTime:0.081005s ]
SQL: insert into sys_allcash set client_id='1',score='122',keytype=1,regdate='2017-05-03 10:23:11',type=2,flag=1,bank='建设银行',bankcard_name='王羽泽',bankcard='6854478504693746',cash_id=1450 [ RunTime:0.001000s ]
SQL: update sys_client set feeaccount='806' where id='1' [ RunTime:0.034002s ]

[ 2017-05-03T10:36:31+08:00 ] 127.0.0.1 /hm_cjml/index.php?g=webadmin&m=income&a=cash_save
INFO: [ app_begin ] --START--
INFO: ReadHtmlCache Behavior ::run [ RunTime:0.000000s ]
INFO: [ app_begin ] --END-- [ RunTime:0.000000s ]
NOTIC: [8192] mysql_connect(): The mysql extension is deprecated and will be removed in the future: use mysqli or PDO instead D:\group16\hm_cjml\ThinkPHP\Lib\Driver\Db\DbMysql.class.php 第 55 行.
SQL: update sys_allcash set  flag = '2', remarks = '到账啦',dotime='2017-05-03 10:36:31' where id=1 [ RunTime:0.000000s ]

[ 2017-05-03T10:36:58+08:00 ] 127.0.0.1 /hm_cjml/index.php?g=webadmin&m=income&a=cash_save
INFO: [ app_begin ] --START--
INFO: ReadHtmlCache Behavior ::run [ RunTime:0.001000s ]
INFO: [ app_begin ] --END-- [ RunTime:0.001000s ]
NOTIC: [8192] mysql_connect(): The mysql extension is deprecated and will be removed in the future: use mysqli or PDO instead D:\group16\hm_cjml\ThinkPHP\Lib\Driver\Db\DbMysql.class.php 第 55 行.
SQL: select cash_id,score,client_id from sys_allcash where id=3 [ RunTime:0.001000s ]
SQL: delete from sys_cash where id=1450 [ RunTime:0.064004s ]
SQL: update sys_client set feeaccount=feeaccount+122.00 where id='1' [ RunTime:0.047003s ]
SQL: update sys_allcash set  flag = '3', remarks = '账号不对',dotime='2017-05-03 10:36:58' where id=3 [ RunTime:0.001000s ]

[ 2017-05-03T10:57:50+08:00 ] 127.0.0.1 /hm_cjml/index.php/Webservice/V100/cash_withdrawal
INFO: [ app_begin ] --START--
INFO: ReadHtmlCache Behavior ::run [ RunTime:0.001000s ]
INFO: [ app_begin ] --END-- [ RunTime:0.001000s ]
NOTIC: [8192] mysql_connect(): The mysql extension is deprecated and will be removed in the future: use mysqli or PDO instead D:\group16\hm_cjml\ThinkPHP\Lib\Driver\Db\DbMysql.class.php 第 55 行.
SQL: select islive,wealth from sys_client where id=1 [ RunTime:0.001000s ]
SQL: select bank,bankcard_name,bankcard from sys_client where id=1 [ RunTime:0.000000s ]
SQL: select feeaccount from sys_client where id=1 [ RunTime:0.001000s ]
SQL: insert into sys_cash set client_id='1',score='142',cashflag=1,regdate='2017-05-03 10:57:50',type=2,isget=1 [ RunTime:0.000000s ]
SQL: insert into sys_allcash set client_id='1',score='142',keytype=1,regdate='2017-05-03 10:57:50',type=2,flag=1,bank='建设银行',bankcard_name='王羽泽',bankcard='6854478504693746',cash_id=1451 [ RunTime:0.000000s ]
SQL: update sys_client set feeaccount='786' where id='1' [ RunTime:0.007001s ]

[ 2017-05-03T10:58:02+08:00 ] 127.0.0.1 /hm_cjml/index.php?g=webadmin&m=income&a=cash_save
INFO: [ app_begin ] --START--
INFO: ReadHtmlCache Behavior ::run [ RunTime:0.001000s ]
INFO: [ app_begin ] --END-- [ RunTime:0.001000s ]
NOTIC: [8192] mysql_connect(): The mysql extension is deprecated and will be removed in the future: use mysqli or PDO instead D:\group16\hm_cjml\ThinkPHP\Lib\Driver\Db\DbMysql.class.php 第 55 行.
SQL: select cash_id,score,client_id from sys_allcash where id=4 [ RunTime:0.000000s ]
SQL: insert into sys_mess set client_id='1',content='恭喜您，提现成功',from_id=1,regdate='2017-05-03 10:58:02',looktype=0,keytype=1 [ RunTime:0.072004s ]
SQL: insert into sys_income set totalfee=142.00,type=2,client_id=1,regdate='2017-05-03 10:58:02' [ RunTime:0.075005s ]
SQL: update sys_allcash set  flag = '2', remarks = '',dotime='2017-05-03 10:58:02' where id=4 [ RunTime:0.000000s ]

[ 2017-05-03T10:58:25+08:00 ] 127.0.0.1 /hm_cjml/index.php?g=webadmin&m=income&a=income_list
ERR: 非法操作:income_list

[ 2017-05-03T11:41:00+08:00 ] 127.0.0.1 /hm_cjml/index.php?g=webadmin&m=income&a=income_save
INFO: [ app_begin ] --START--
INFO: ReadHtmlCache Behavior ::run [ RunTime:0.001000s ]
INFO: [ app_begin ] --END-- [ RunTime:0.001000s ]
NOTIC: [8192] mysql_connect(): The mysql extension is deprecated and will be removed in the future: use mysqli or PDO instead D:\group16\hm_cjml\ThinkPHP\Lib\Driver\Db\DbMysql.class.php 第 55 行.
SQL: update sys_income set  remarks = '呼呼呼' where id=1 [ RunTime:0.057003s ]

[ 2017-05-03T11:45:01+08:00 ] 127.0.0.1 /hm_cjml/index.php?g=webadmin&m=shop&a=classify_list
INFO: [ app_begin ] --START--
INFO: ReadHtmlCache Behavior ::run [ RunTime:0.001000s ]
INFO: [ app_begin ] --END-- [ RunTime:0.001000s ]
NOTIC: [8192] mysql_connect(): The mysql extension is deprecated and will be removed in the future: use mysqli or PDO instead D:\group16\hm_cjml\ThinkPHP\Lib\Driver\Db\DbMysql.class.php 第 55 行.
SQL: select id,name from sys_classify where parentid=0 and flag=1 [ RunTime:0.001000s ]

[ 2017-05-03T11:45:08+08:00 ] 127.0.0.1 /hm_cjml/index.php?g=webadmin&m=shop&a=classify_list
INFO: [ app_begin ] --START--
INFO: ReadHtmlCache Behavior ::run [ RunTime:0.001000s ]
INFO: [ app_begin ] --END-- [ RunTime:0.002000s ]
NOTIC: [8192] mysql_connect(): The mysql extension is deprecated and will be removed in the future: use mysqli or PDO instead D:\group16\hm_cjml\ThinkPHP\Lib\Driver\Db\DbMysql.class.php 第 55 行.
SQL: select id,name from sys_classify where parentid=1 and flag=1 [ RunTime:0.001000s ]

[ 2017-05-03T11:46:54+08:00 ] 127.0.0.1 /hm_cjml/index.php?g=webadmin&m=shop&a=classify_list
INFO: [ app_begin ] --START--
INFO: ReadHtmlCache Behavior ::run [ RunTime:0.001000s ]
INFO: [ app_begin ] --END-- [ RunTime:0.001000s ]
NOTIC: [8192] mysql_connect(): The mysql extension is deprecated and will be removed in the future: use mysqli or PDO instead D:\group16\hm_cjml\ThinkPHP\Lib\Driver\Db\DbMysql.class.php 第 55 行.
SQL: select id,name from sys_classify where parentid=0 and flag=1 [ RunTime:0.000000s ]

[ 2017-05-03T11:46:57+08:00 ] 127.0.0.1 /hm_cjml/index.php?g=webadmin&m=shop&a=classify_list
INFO: [ app_begin ] --START--
INFO: ReadHtmlCache Behavior ::run [ RunTime:0.001000s ]
INFO: [ app_begin ] --END-- [ RunTime:0.001000s ]
NOTIC: [8192] mysql_connect(): The mysql extension is deprecated and will be removed in the future: use mysqli or PDO instead D:\group16\hm_cjml\ThinkPHP\Lib\Driver\Db\DbMysql.class.php 第 55 行.
SQL: select id,name from sys_classify where parentid=1 and flag=1 [ RunTime:0.001000s ]

[ 2017-05-03T11:55:38+08:00 ] 127.0.0.1 /hm_cjml/index.php?g=webadmin&m=income&a=classify_list
INFO: [ app_begin ] --START--
INFO: ReadHtmlCache Behavior ::run [ RunTime:0.001000s ]
INFO: [ app_begin ] --END-- [ RunTime:0.001000s ]
NOTIC: [8192] mysql_connect(): The mysql extension is deprecated and will be removed in the future: use mysqli or PDO instead D:\group16\hm_cjml\ThinkPHP\Lib\Driver\Db\DbMysql.class.php 第 55 行.
SQL: select id,name from sys_cascade_district where parentid=0 [ RunTime:0.044002s ]

[ 2017-05-03T11:55:41+08:00 ] 127.0.0.1 /hm_cjml/index.php?g=webadmin&m=income&a=classify_list
INFO: [ app_begin ] --START--
INFO: ReadHtmlCache Behavior ::run [ RunTime:0.001000s ]
INFO: [ app_begin ] --END-- [ RunTime:0.001000s ]
NOTIC: [8192] mysql_connect(): The mysql extension is deprecated and will be removed in the future: use mysqli or PDO instead D:\group16\hm_cjml\ThinkPHP\Lib\Driver\Db\DbMysql.class.php 第 55 行.
SQL: select id,name from sys_cascade_district where parentid=2 [ RunTime:0.000000s ]

[ 2017-05-03T11:55:44+08:00 ] 127.0.0.1 /hm_cjml/index.php?g=webadmin&m=income&a=classify_list
INFO: [ app_begin ] --START--
INFO: ReadHtmlCache Behavior ::run [ RunTime:0.001000s ]
INFO: [ app_begin ] --END-- [ RunTime:0.001000s ]
NOTIC: [8192] mysql_connect(): The mysql extension is deprecated and will be removed in the future: use mysqli or PDO instead D:\group16\hm_cjml\ThinkPHP\Lib\Driver\Db\DbMysql.class.php 第 55 行.
SQL: select id,name from sys_cascade_district where parentid=0 [ RunTime:0.000000s ]

[ 2017-05-03T11:55:44+08:00 ] 127.0.0.1 /hm_cjml/index.php?g=webadmin&m=income&a=classify_list
INFO: [ app_begin ] --START--
INFO: ReadHtmlCache Behavior ::run [ RunTime:0.000000s ]
INFO: [ app_begin ] --END-- [ RunTime:0.001000s ]
NOTIC: [8192] mysql_connect(): The mysql extension is deprecated and will be removed in the future: use mysqli or PDO instead D:\group16\hm_cjml\ThinkPHP\Lib\Driver\Db\DbMysql.class.php 第 55 行.
SQL: select id,name from sys_cascade_district where parentid=2 [ RunTime:0.000000s ]

[ 2017-05-03T11:55:54+08:00 ] 127.0.0.1 /hm_cjml/index.php?g=webadmin&m=income&a=classify_list
INFO: [ app_begin ] --START--
INFO: ReadHtmlCache Behavior ::run [ RunTime:0.001000s ]
INFO: [ app_begin ] --END-- [ RunTime:0.001000s ]
NOTIC: [8192] mysql_connect(): The mysql extension is deprecated and will be removed in the future: use mysqli or PDO instead D:\group16\hm_cjml\ThinkPHP\Lib\Driver\Db\DbMysql.class.php 第 55 行.
SQL: select id,name from sys_cascade_district where parentid=20 [ RunTime:0.000000s ]

[ 2017-05-03T11:56:09+08:00 ] 127.0.0.1 /hm_cjml/index.php?g=webadmin&m=income&a=classify_list
INFO: [ app_begin ] --START--
INFO: ReadHtmlCache Behavior ::run [ RunTime:0.001000s ]
INFO: [ app_begin ] --END-- [ RunTime:0.001000s ]
NOTIC: [8192] mysql_connect(): The mysql extension is deprecated and will be removed in the future: use mysqli or PDO instead D:\group16\hm_cjml\ThinkPHP\Lib\Driver\Db\DbMysql.class.php 第 55 行.
SQL: select id,name from sys_cascade_district where parentid=0 [ RunTime:0.001000s ]

[ 2017-05-03T11:56:09+08:00 ] 127.0.0.1 /hm_cjml/index.php?g=webadmin&m=income&a=classify_list
INFO: [ app_begin ] --START--
INFO: ReadHtmlCache Behavior ::run [ RunTime:0.001000s ]
INFO: [ app_begin ] --END-- [ RunTime:0.001000s ]
NOTIC: [8192] mysql_connect(): The mysql extension is deprecated and will be removed in the future: use mysqli or PDO instead D:\group16\hm_cjml\ThinkPHP\Lib\Driver\Db\DbMysql.class.php 第 55 行.
SQL: select id,name from sys_cascade_district where parentid=2 [ RunTime:0.001000s ]

[ 2017-05-03T13:41:49+08:00 ] 127.0.0.1 /hm_cjml/index.php?g=webadmin&m=income&a=district_list
INFO: [ app_begin ] --START--
INFO: ReadHtmlCache Behavior ::run [ RunTime:0.001000s ]
INFO: [ app_begin ] --END-- [ RunTime:0.001000s ]
NOTIC: [8192] mysql_connect(): The mysql extension is deprecated and will be removed in the future: use mysqli or PDO instead D:\group16\hm_cjml\ThinkPHP\Lib\Driver\Db\DbMysql.class.php 第 55 行.
SQL: select id,name from sys_cascade_district where parentid=0 [ RunTime:0.034002s ]

[ 2017-05-03T13:42:42+08:00 ] 127.0.0.1 /hm_cjml/index.php?g=webadmin&m=income&a=district_list
INFO: [ app_begin ] --START--
INFO: ReadHtmlCache Behavior ::run [ RunTime:0.001000s ]
INFO: [ app_begin ] --END-- [ RunTime:0.001000s ]
NOTIC: [8192] mysql_connect(): The mysql extension is deprecated and will be removed in the future: use mysqli or PDO instead D:\group16\hm_cjml\ThinkPHP\Lib\Driver\Db\DbMysql.class.php 第 55 行.
SQL: select id,name from sys_cascade_district where parentid=6 [ RunTime:0.000000s ]

[ 2017-05-03T13:42:51+08:00 ] 127.0.0.1 /hm_cjml/index.php?g=webadmin&m=income&a=district_list
INFO: [ app_begin ] --START--
INFO: ReadHtmlCache Behavior ::run [ RunTime:0.001000s ]
INFO: [ app_begin ] --END-- [ RunTime:0.001000s ]
NOTIC: [8192] mysql_connect(): The mysql extension is deprecated and will be removed in the future: use mysqli or PDO instead D:\group16\hm_cjml\ThinkPHP\Lib\Driver\Db\DbMysql.class.php 第 55 行.
SQL: select id,name from sys_cascade_district where parentid=0 [ RunTime:0.001000s ]

[ 2017-05-03T13:42:56+08:00 ] 127.0.0.1 /hm_cjml/index.php?g=webadmin&m=income&a=district_list
INFO: [ app_begin ] --START--
INFO: ReadHtmlCache Behavior ::run [ RunTime:0.001000s ]
INFO: [ app_begin ] --END-- [ RunTime:0.001000s ]
NOTIC: [8192] mysql_connect(): The mysql extension is deprecated and will be removed in the future: use mysqli or PDO instead D:\group16\hm_cjml\ThinkPHP\Lib\Driver\Db\DbMysql.class.php 第 55 行.
SQL: select id,name from sys_cascade_district where parentid=0 [ RunTime:0.001000s ]

[ 2017-05-03T13:43:02+08:00 ] 127.0.0.1 /hm_cjml/index.php?g=webadmin&m=income&a=district_list
INFO: [ app_begin ] --START--
INFO: ReadHtmlCache Behavior ::run [ RunTime:0.001000s ]
INFO: [ app_begin ] --END-- [ RunTime:0.001000s ]
NOTIC: [8192] mysql_connect(): The mysql extension is deprecated and will be removed in the future: use mysqli or PDO instead D:\group16\hm_cjml\ThinkPHP\Lib\Driver\Db\DbMysql.class.php 第 55 行.
SQL: select id,name from sys_cascade_district where parentid=0 [ RunTime:0.000000s ]

[ 2017-05-03T13:43:16+08:00 ] 127.0.0.1 /hm_cjml/index.php?g=webadmin&m=income&a=district_list
INFO: [ app_begin ] --START--
INFO: ReadHtmlCache Behavior ::run [ RunTime:0.001000s ]
INFO: [ app_begin ] --END-- [ RunTime:0.001000s ]
NOTIC: [8192] mysql_connect(): The mysql extension is deprecated and will be removed in the future: use mysqli or PDO instead D:\group16\hm_cjml\ThinkPHP\Lib\Driver\Db\DbMysql.class.php 第 55 行.
SQL: select id,name from sys_cascade_district where parentid=0 [ RunTime:0.000000s ]

[ 2017-05-03T13:43:24+08:00 ] 127.0.0.1 /hm_cjml/index.php?g=webadmin&m=income&a=district_list
INFO: [ app_begin ] --START--
INFO: ReadHtmlCache Behavior ::run [ RunTime:0.001000s ]
INFO: [ app_begin ] --END-- [ RunTime:0.001000s ]
NOTIC: [8192] mysql_connect(): The mysql extension is deprecated and will be removed in the future: use mysqli or PDO instead D:\group16\hm_cjml\ThinkPHP\Lib\Driver\Db\DbMysql.class.php 第 55 行.
SQL: select id,name from sys_cascade_district where parentid=0 [ RunTime:0.000000s ]

[ 2017-05-03T13:43:32+08:00 ] 127.0.0.1 /hm_cjml/index.php?g=webadmin&m=income&a=district_list
INFO: [ app_begin ] --START--
INFO: ReadHtmlCache Behavior ::run [ RunTime:0.001000s ]
INFO: [ app_begin ] --END-- [ RunTime:0.001000s ]
NOTIC: [8192] mysql_connect(): The mysql extension is deprecated and will be removed in the future: use mysqli or PDO instead D:\group16\hm_cjml\ThinkPHP\Lib\Driver\Db\DbMysql.class.php 第 55 行.
SQL: select id,name from sys_cascade_district where parentid=0 [ RunTime:0.001000s ]

[ 2017-05-03T13:43:36+08:00 ] 127.0.0.1 /hm_cjml/index.php?g=webadmin&m=income&a=district_list
INFO: [ app_begin ] --START--
INFO: ReadHtmlCache Behavior ::run [ RunTime:0.001000s ]
INFO: [ app_begin ] --END-- [ RunTime:0.001000s ]
NOTIC: [8192] mysql_connect(): The mysql extension is deprecated and will be removed in the future: use mysqli or PDO instead D:\group16\hm_cjml\ThinkPHP\Lib\Driver\Db\DbMysql.class.php 第 55 行.
SQL: select id,name from sys_cascade_district where parentid=0 [ RunTime:0.000000s ]

[ 2017-05-03T13:43:39+08:00 ] 127.0.0.1 /hm_cjml/index.php?g=webadmin&m=income&a=district_list
INFO: [ app_begin ] --START--
INFO: ReadHtmlCache Behavior ::run [ RunTime:0.001000s ]
INFO: [ app_begin ] --END-- [ RunTime:0.001000s ]
NOTIC: [8192] mysql_connect(): The mysql extension is deprecated and will be removed in the future: use mysqli or PDO instead D:\group16\hm_cjml\ThinkPHP\Lib\Driver\Db\DbMysql.class.php 第 55 行.
SQL: select id,name from sys_cascade_district where parentid=0 [ RunTime:0.000000s ]

[ 2017-05-03T13:43:41+08:00 ] 127.0.0.1 /hm_cjml/index.php?g=webadmin&m=income&a=district_list
INFO: [ app_begin ] --START--
INFO: ReadHtmlCache Behavior ::run [ RunTime:0.001000s ]
INFO: [ app_begin ] --END-- [ RunTime:0.001000s ]
NOTIC: [8192] mysql_connect(): The mysql extension is deprecated and will be removed in the future: use mysqli or PDO instead D:\group16\hm_cjml\ThinkPHP\Lib\Driver\Db\DbMysql.class.php 第 55 行.
SQL: select id,name from sys_cascade_district where parentid=0 [ RunTime:0.001000s ]

[ 2017-05-03T13:43:50+08:00 ] 127.0.0.1 /hm_cjml/index.php?g=webadmin&m=income&a=district_list
INFO: [ app_begin ] --START--
INFO: ReadHtmlCache Behavior ::run [ RunTime:0.001000s ]
INFO: [ app_begin ] --END-- [ RunTime:0.001000s ]
NOTIC: [8192] mysql_connect(): The mysql extension is deprecated and will be removed in the future: use mysqli or PDO instead D:\group16\hm_cjml\ThinkPHP\Lib\Driver\Db\DbMysql.class.php 第 55 行.
SQL: select id,name from sys_cascade_district where parentid=15 [ RunTime:0.022001s ]

[ 2017-05-03T13:44:01+08:00 ] 127.0.0.1 /hm_cjml/index.php?g=webadmin&m=income&a=district_list
INFO: [ app_begin ] --START--
INFO: ReadHtmlCache Behavior ::run [ RunTime:0.001000s ]
INFO: [ app_begin ] --END-- [ RunTime:0.001000s ]
NOTIC: [8192] mysql_connect(): The mysql extension is deprecated and will be removed in the future: use mysqli or PDO instead D:\group16\hm_cjml\ThinkPHP\Lib\Driver\Db\DbMysql.class.php 第 55 行.
SQL: select id,name from sys_cascade_district where parentid=0 [ RunTime:0.000000s ]

[ 2017-05-03T13:44:01+08:00 ] 127.0.0.1 /hm_cjml/index.php?g=webadmin&m=income&a=district_list
INFO: [ app_begin ] --START--
INFO: ReadHtmlCache Behavior ::run [ RunTime:0.001000s ]
INFO: [ app_begin ] --END-- [ RunTime:0.001000s ]
NOTIC: [8192] mysql_connect(): The mysql extension is deprecated and will be removed in the future: use mysqli or PDO instead D:\group16\hm_cjml\ThinkPHP\Lib\Driver\Db\DbMysql.class.php 第 55 行.
SQL: select id,name from sys_cascade_district where parentid=15 [ RunTime:0.000000s ]

[ 2017-05-03T13:44:03+08:00 ] 127.0.0.1 /hm_cjml/index.php?g=webadmin&m=income&a=district_list
INFO: [ app_begin ] --START--
INFO: ReadHtmlCache Behavior ::run [ RunTime:0.001000s ]
INFO: [ app_begin ] --END-- [ RunTime:0.001000s ]
NOTIC: [8192] mysql_connect(): The mysql extension is deprecated and will be removed in the future: use mysqli or PDO instead D:\group16\hm_cjml\ThinkPHP\Lib\Driver\Db\DbMysql.class.php 第 55 行.
SQL: select id,name from sys_cascade_district where parentid=3 [ RunTime:0.000000s ]

[ 2017-05-03T13:44:06+08:00 ] 127.0.0.1 /hm_cjml/index.php?g=webadmin&m=income&a=district_list
INFO: [ app_begin ] --START--
INFO: ReadHtmlCache Behavior ::run [ RunTime:0.001000s ]
INFO: [ app_begin ] --END-- [ RunTime:0.001000s ]
NOTIC: [8192] mysql_connect(): The mysql extension is deprecated and will be removed in the future: use mysqli or PDO instead D:\group16\hm_cjml\ThinkPHP\Lib\Driver\Db\DbMysql.class.php 第 55 行.
SQL: select id,name from sys_cascade_district where parentid=0 [ RunTime:0.000000s ]

[ 2017-05-03T13:44:06+08:00 ] 127.0.0.1 /hm_cjml/index.php?g=webadmin&m=income&a=district_list
INFO: [ app_begin ] --START--
INFO: ReadHtmlCache Behavior ::run [ RunTime:0.001000s ]
INFO: [ app_begin ] --END-- [ RunTime:0.001000s ]
NOTIC: [8192] mysql_connect(): The mysql extension is deprecated and will be removed in the future: use mysqli or PDO instead D:\group16\hm_cjml\ThinkPHP\Lib\Driver\Db\DbMysql.class.php 第 55 行.
SQL: select id,name from sys_cascade_district where parentid=3 [ RunTime:0.000000s ]

[ 2017-05-03T13:44:11+08:00 ] 127.0.0.1 /hm_cjml/index.php?g=webadmin&m=income&a=district_list
INFO: [ app_begin ] --START--
INFO: ReadHtmlCache Behavior ::run [ RunTime:0.001000s ]
INFO: [ app_begin ] --END-- [ RunTime:0.001000s ]
NOTIC: [8192] mysql_connect(): The mysql extension is deprecated and will be removed in the future: use mysqli or PDO instead D:\group16\hm_cjml\ThinkPHP\Lib\Driver\Db\DbMysql.class.php 第 55 行.
SQL: select id,name from sys_cascade_district where parentid=15 [ RunTime:0.000000s ]

[ 2017-05-03T13:44:12+08:00 ] 127.0.0.1 /hm_cjml/index.php?g=webadmin&m=income&a=district_list
INFO: [ app_begin ] --START--
INFO: ReadHtmlCache Behavior ::run [ RunTime:0.001000s ]
INFO: [ app_begin ] --END-- [ RunTime:0.001000s ]
NOTIC: [8192] mysql_connect(): The mysql extension is deprecated and will be removed in the future: use mysqli or PDO instead D:\group16\hm_cjml\ThinkPHP\Lib\Driver\Db\DbMysql.class.php 第 55 行.
SQL: select id,name from sys_cascade_district where parentid=0 [ RunTime:0.001000s ]

[ 2017-05-03T13:44:18+08:00 ] 127.0.0.1 /hm_cjml/index.php?g=webadmin&m=income&a=district_list
INFO: [ app_begin ] --START--
INFO: ReadHtmlCache Behavior ::run [ RunTime:0.001000s ]
INFO: [ app_begin ] --END-- [ RunTime:0.001000s ]
NOTIC: [8192] mysql_connect(): The mysql extension is deprecated and will be removed in the future: use mysqli or PDO instead D:\group16\hm_cjml\ThinkPHP\Lib\Driver\Db\DbMysql.class.php 第 55 行.
SQL: select id,name from sys_cascade_district where parentid=1 [ RunTime:0.000000s ]

[ 2017-05-03T13:44:19+08:00 ] 127.0.0.1 /hm_cjml/index.php?g=webadmin&m=income&a=district_list
INFO: [ app_begin ] --START--
INFO: ReadHtmlCache Behavior ::run [ RunTime:0.001000s ]
INFO: [ app_begin ] --END-- [ RunTime:0.001000s ]
NOTIC: [8192] mysql_connect(): The mysql extension is deprecated and will be removed in the future: use mysqli or PDO instead D:\group16\hm_cjml\ThinkPHP\Lib\Driver\Db\DbMysql.class.php 第 55 行.
SQL: select id,name from sys_cascade_district where parentid=0 [ RunTime:0.000000s ]

[ 2017-05-03T13:44:21+08:00 ] 127.0.0.1 /hm_cjml/index.php?g=webadmin&m=income&a=district_list
INFO: [ app_begin ] --START--
INFO: ReadHtmlCache Behavior ::run [ RunTime:0.000000s ]
INFO: [ app_begin ] --END-- [ RunTime:0.001000s ]
NOTIC: [8192] mysql_connect(): The mysql extension is deprecated and will be removed in the future: use mysqli or PDO instead D:\group16\hm_cjml\ThinkPHP\Lib\Driver\Db\DbMysql.class.php 第 55 行.
SQL: select id,name from sys_cascade_district where parentid=0 [ RunTime:0.000000s ]

[ 2017-05-03T13:44:22+08:00 ] 127.0.0.1 /hm_cjml/index.php?g=webadmin&m=income&a=district_list
INFO: [ app_begin ] --START--
INFO: ReadHtmlCache Behavior ::run [ RunTime:0.001000s ]
INFO: [ app_begin ] --END-- [ RunTime:0.001000s ]
NOTIC: [8192] mysql_connect(): The mysql extension is deprecated and will be removed in the future: use mysqli or PDO instead D:\group16\hm_cjml\ThinkPHP\Lib\Driver\Db\DbMysql.class.php 第 55 行.
SQL: select id,name from sys_cascade_district where parentid=0 [ RunTime:0.000000s ]

[ 2017-05-03T13:44:39+08:00 ] 127.0.0.1 /hm_cjml/index.php?g=webadmin&m=income&a=district_list
INFO: [ app_begin ] --START--
INFO: ReadHtmlCache Behavior ::run [ RunTime:0.001000s ]
INFO: [ app_begin ] --END-- [ RunTime:0.002000s ]
NOTIC: [8192] mysql_connect(): The mysql extension is deprecated and will be removed in the future: use mysqli or PDO instead D:\group16\hm_cjml\ThinkPHP\Lib\Driver\Db\DbMysql.class.php 第 55 行.
SQL: select id,name from sys_cascade_district where parentid=1 [ RunTime:0.001000s ]

[ 2017-05-03T13:44:40+08:00 ] 127.0.0.1 /hm_cjml/index.php?g=webadmin&m=income&a=district_list
INFO: [ app_begin ] --START--
INFO: ReadHtmlCache Behavior ::run [ RunTime:0.001000s ]
INFO: [ app_begin ] --END-- [ RunTime:0.001000s ]
NOTIC: [8192] mysql_connect(): The mysql extension is deprecated and will be removed in the future: use mysqli or PDO instead D:\group16\hm_cjml\ThinkPHP\Lib\Driver\Db\DbMysql.class.php 第 55 行.
SQL: select id,name from sys_cascade_district where parentid=0 [ RunTime:0.001000s ]

[ 2017-05-03T13:46:19+08:00 ] 127.0.0.1 /hm_cjml/index.php?g=webadmin&m=income&a=district_list
INFO: [ app_begin ] --START--
INFO: ReadHtmlCache Behavior ::run [ RunTime:0.001000s ]
INFO: [ app_begin ] --END-- [ RunTime:0.001000s ]
NOTIC: [8192] mysql_connect(): The mysql extension is deprecated and will be removed in the future: use mysqli or PDO instead D:\group16\hm_cjml\ThinkPHP\Lib\Driver\Db\DbMysql.class.php 第 55 行.
SQL: select id,name from sys_cascade_district where parentid=0 [ RunTime:0.000000s ]

[ 2017-05-03T13:46:23+08:00 ] 127.0.0.1 /hm_cjml/index.php?g=webadmin&m=income&a=district_list
INFO: [ app_begin ] --START--
INFO: ReadHtmlCache Behavior ::run [ RunTime:0.001000s ]
INFO: [ app_begin ] --END-- [ RunTime:0.001000s ]
NOTIC: [8192] mysql_connect(): The mysql extension is deprecated and will be removed in the future: use mysqli or PDO instead D:\group16\hm_cjml\ThinkPHP\Lib\Driver\Db\DbMysql.class.php 第 55 行.
SQL: select id,name from sys_cascade_district where parentid=0 [ RunTime:0.000000s ]

[ 2017-05-03T13:55:42+08:00 ] 127.0.0.1 /hm_cjml/index.php?g=webadmin&m=income&a=district_list
INFO: [ app_begin ] --START--
INFO: ReadHtmlCache Behavior ::run [ RunTime:0.000000s ]
INFO: [ app_begin ] --END-- [ RunTime:0.001000s ]
NOTIC: [8192] mysql_connect(): The mysql extension is deprecated and will be removed in the future: use mysqli or PDO instead D:\group16\hm_cjml\ThinkPHP\Lib\Driver\Db\DbMysql.class.php 第 55 行.
SQL: select id,name from sys_cascade_district where parentid=0 [ RunTime:0.000000s ]

[ 2017-05-03T14:35:23+08:00 ] 127.0.0.1 /hm_cjml/index.php?g=webadmin&m=income&a=district_list
INFO: [ app_begin ] --START--
INFO: ReadHtmlCache Behavior ::run [ RunTime:0.001000s ]
INFO: [ app_begin ] --END-- [ RunTime:0.002001s ]
NOTIC: [8192] mysql_connect(): The mysql extension is deprecated and will be removed in the future: use mysqli or PDO instead D:\group16\hm_cjml\ThinkPHP\Lib\Driver\Db\DbMysql.class.php 第 55 行.
SQL: select id,name from sys_cascade_district where parentid=0 [ RunTime:0.000000s ]

[ 2017-05-03T14:38:03+08:00 ] 127.0.0.1 /hm_cjml/index.php?g=webadmin&m=income&a=district_list
INFO: [ app_begin ] --START--
INFO: ReadHtmlCache Behavior ::run [ RunTime:0.000000s ]
INFO: [ app_begin ] --END-- [ RunTime:0.000000s ]
NOTIC: [8192] mysql_connect(): The mysql extension is deprecated and will be removed in the future: use mysqli or PDO instead D:\group16\hm_cjml\ThinkPHP\Lib\Driver\Db\DbMysql.class.php 第 55 行.
SQL: select id,name from sys_cascade_district where parentid=0 [ RunTime:0.001000s ]

[ 2017-05-03T14:48:45+08:00 ] 127.0.0.1 /hm_cjml/index.php?g=webadmin&m=income&a=district_list
INFO: [ app_begin ] --START--
INFO: ReadHtmlCache Behavior ::run [ RunTime:0.000000s ]
INFO: [ app_begin ] --END-- [ RunTime:0.001000s ]
NOTIC: [8192] mysql_connect(): The mysql extension is deprecated and will be removed in the future: use mysqli or PDO instead D:\group16\hm_cjml\ThinkPHP\Lib\Driver\Db\DbMysql.class.php 第 55 行.
SQL: select id,name from sys_cascade_district where parentid=0 [ RunTime:0.001000s ]

[ 2017-05-03T14:48:49+08:00 ] 127.0.0.1 /hm_cjml/index.php?g=webadmin&m=income&a=district_list
INFO: [ app_begin ] --START--
INFO: ReadHtmlCache Behavior ::run [ RunTime:0.000000s ]
INFO: [ app_begin ] --END-- [ RunTime:0.000000s ]
NOTIC: [8192] mysql_connect(): The mysql extension is deprecated and will be removed in the future: use mysqli or PDO instead D:\group16\hm_cjml\ThinkPHP\Lib\Driver\Db\DbMysql.class.php 第 55 行.
SQL: select id,name from sys_cascade_district where parentid=0 [ RunTime:0.000000s ]

[ 2017-05-03T14:49:09+08:00 ] 127.0.0.1 /hm_cjml/index.php?g=webadmin&m=income&a=district_list
INFO: [ app_begin ] --START--
INFO: ReadHtmlCache Behavior ::run [ RunTime:0.001000s ]
INFO: [ app_begin ] --END-- [ RunTime:0.001000s ]
NOTIC: [8192] mysql_connect(): The mysql extension is deprecated and will be removed in the future: use mysqli or PDO instead D:\group16\hm_cjml\ThinkPHP\Lib\Driver\Db\DbMysql.class.php 第 55 行.
SQL: select id,name from sys_cascade_district where parentid=0 [ RunTime:0.000000s ]

[ 2017-05-03T14:51:22+08:00 ] 127.0.0.1 /hm_cjml/index.php?g=webadmin&m=income&a=district_list
INFO: [ app_begin ] --START--
INFO: ReadHtmlCache Behavior ::run [ RunTime:0.001000s ]
INFO: [ app_begin ] --END-- [ RunTime:0.001000s ]
NOTIC: [8192] mysql_connect(): The mysql extension is deprecated and will be removed in the future: use mysqli or PDO instead D:\group16\hm_cjml\ThinkPHP\Lib\Driver\Db\DbMysql.class.php 第 55 行.
SQL: select id,name from sys_cascade_district where parentid=15 [ RunTime:0.000000s ]

[ 2017-05-03T14:51:27+08:00 ] 127.0.0.1 /hm_cjml/index.php?g=webadmin&m=income&a=district_list
INFO: [ app_begin ] --START--
INFO: ReadHtmlCache Behavior ::run [ RunTime:0.001001s ]
INFO: [ app_begin ] --END-- [ RunTime:0.001001s ]
NOTIC: [8192] mysql_connect(): The mysql extension is deprecated and will be removed in the future: use mysqli or PDO instead D:\group16\hm_cjml\ThinkPHP\Lib\Driver\Db\DbMysql.class.php 第 55 行.
SQL: select id,name from sys_cascade_district where parentid=0 [ RunTime:0.001000s ]

[ 2017-05-03T14:51:33+08:00 ] 127.0.0.1 /hm_cjml/index.php?g=webadmin&m=income&a=district_list
INFO: [ app_begin ] --START--
INFO: ReadHtmlCache Behavior ::run [ RunTime:0.001000s ]
INFO: [ app_begin ] --END-- [ RunTime:0.001000s ]
NOTIC: [8192] mysql_connect(): The mysql extension is deprecated and will be removed in the future: use mysqli or PDO instead D:\group16\hm_cjml\ThinkPHP\Lib\Driver\Db\DbMysql.class.php 第 55 行.
SQL: select id,name from sys_cascade_district where parentid=1 [ RunTime:0.001001s ]

[ 2017-05-03T14:51:34+08:00 ] 127.0.0.1 /hm_cjml/index.php?g=webadmin&m=income&a=district_list
INFO: [ app_begin ] --START--
INFO: ReadHtmlCache Behavior ::run [ RunTime:0.000000s ]
INFO: [ app_begin ] --END-- [ RunTime:0.000000s ]
NOTIC: [8192] mysql_connect(): The mysql extension is deprecated and will be removed in the future: use mysqli or PDO instead D:\group16\hm_cjml\ThinkPHP\Lib\Driver\Db\DbMysql.class.php 第 55 行.
SQL: select id,name from sys_cascade_district where parentid=0 [ RunTime:0.000000s ]

[ 2017-05-03T14:54:17+08:00 ] 127.0.0.1 /hm_cjml/index.php?g=webadmin&m=income&a=district_list
INFO: [ app_begin ] --START--
INFO: ReadHtmlCache Behavior ::run [ RunTime:0.001000s ]
INFO: [ app_begin ] --END-- [ RunTime:0.001000s ]
NOTIC: [8192] mysql_connect(): The mysql extension is deprecated and will be removed in the future: use mysqli or PDO instead D:\group16\hm_cjml\ThinkPHP\Lib\Driver\Db\DbMysql.class.php 第 55 行.
SQL: select id,name from sys_cascade_district where parentid=0 [ RunTime:0.001000s ]

[ 2017-05-03T14:54:18+08:00 ] 127.0.0.1 /hm_cjml/index.php?g=webadmin&m=income&a=district_list
INFO: [ app_begin ] --START--
INFO: ReadHtmlCache Behavior ::run [ RunTime:0.001000s ]
INFO: [ app_begin ] --END-- [ RunTime:0.001000s ]
NOTIC: [8192] mysql_connect(): The mysql extension is deprecated and will be removed in the future: use mysqli or PDO instead D:\group16\hm_cjml\ThinkPHP\Lib\Driver\Db\DbMysql.class.php 第 55 行.
SQL: select id,name from sys_cascade_district where parentid=0 [ RunTime:0.001000s ]

[ 2017-05-03T14:54:22+08:00 ] 127.0.0.1 /hm_cjml/index.php?g=webadmin&m=income&a=district_list
INFO: [ app_begin ] --START--
INFO: ReadHtmlCache Behavior ::run [ RunTime:0.001000s ]
INFO: [ app_begin ] --END-- [ RunTime:0.001000s ]
NOTIC: [8192] mysql_connect(): The mysql extension is deprecated and will be removed in the future: use mysqli or PDO instead D:\group16\hm_cjml\ThinkPHP\Lib\Driver\Db\DbMysql.class.php 第 55 行.
SQL: select id,name from sys_cascade_district where parentid=0 [ RunTime:0.000000s ]

[ 2017-05-03T14:54:24+08:00 ] 127.0.0.1 /hm_cjml/index.php?g=webadmin&m=income&a=district_list
INFO: [ app_begin ] --START--
INFO: ReadHtmlCache Behavior ::run [ RunTime:0.001000s ]
INFO: [ app_begin ] --END-- [ RunTime:0.001000s ]
NOTIC: [8192] mysql_connect(): The mysql extension is deprecated and will be removed in the future: use mysqli or PDO instead D:\group16\hm_cjml\ThinkPHP\Lib\Driver\Db\DbMysql.class.php 第 55 行.
SQL: select id,name from sys_cascade_district where parentid=0 [ RunTime:0.001000s ]

[ 2017-05-03T15:13:56+08:00 ] 127.0.0.1 /hm_cjml/index.php?g=webadmin&m=income&a=district_list
INFO: [ app_begin ] --START--
INFO: ReadHtmlCache Behavior ::run [ RunTime:0.001000s ]
INFO: [ app_begin ] --END-- [ RunTime:0.002000s ]
NOTIC: [8192] mysql_connect(): The mysql extension is deprecated and will be removed in the future: use mysqli or PDO instead D:\group16\hm_cjml\ThinkPHP\Lib\Driver\Db\DbMysql.class.php 第 55 行.
SQL: select id,name from sys_cascade_district where parentid=0 [ RunTime:0.001000s ]

[ 2017-05-03T15:14:33+08:00 ] 127.0.0.1 /hm_cjml/index.php?g=webshop&m=login&a=index
INFO: [ app_begin ] --START--
INFO: ReadHtmlCache Behavior ::run [ RunTime:0.001000s ]
INFO: [ app_begin ] --END-- [ RunTime:0.001000s ]
NOTIC: [8192] mysql_connect(): The mysql extension is deprecated and will be removed in the future: use mysqli or PDO instead D:\group16\hm_cjml\ThinkPHP\Lib\Driver\Db\DbMysql.class.php 第 55 行.
SQL: select * from sys_shop where username='17800000000'  [ RunTime:0.002000s ]
SQL: update sys_shop set login=login+1,lastlogintime='2017-05-03 15:14:33',lastloginip='127.0.0.1' where id=18 [ RunTime:0.200011s ]

[ 2017-05-03T15:14:39+08:00 ] 127.0.0.1 /hm_cjml/index.php?g=webshop&m=finance&a=finance_list
ERR: 无法加载模块:Finance

[ 2017-05-03T15:14:40+08:00 ] 127.0.0.1 /hm_cjml/index.php?g=webshop&m=order&a=order_list
ERR: 无法加载模块:Order

[ 2017-05-03T15:14:47+08:00 ] 127.0.0.1 /hm_cjml/index.php?g=webshop&m=system&a=all_list
ERR: 非法操作:all_list

[ 2017-05-03T15:14:51+08:00 ] 127.0.0.1 /hm_cjml/index.php?g=webshop&m=order&a=order_list
ERR: 无法加载模块:Order

[ 2017-05-03T16:02:46+08:00 ] 127.0.0.1 /hm_cjml/index.php/Webservice/V100/comment_list
INFO: [ app_begin ] --START--
INFO: ReadHtmlCache Behavior ::run [ RunTime:0.001000s ]
INFO: [ app_begin ] --END-- [ RunTime:0.001000s ]
NOTIC: [8192] mysql_connect(): The mysql extension is deprecated and will be removed in the future: use mysqli or PDO instead D:\group16\hm_cjml\ThinkPHP\Lib\Driver\Db\DbMysql.class.php 第 55 行.
SQL: select co.*,c.account,c.avatar,c.avatarbig from sys_comment co left join sys_client c on co.client_id = c.id where keyid=1 and keytype=2 order by id desc [ RunTime:0.001000s ]
ERR: 1054:Champ 'keyid' inconnu dans where clause
 [ SQL语句 ] : select co.*,c.account,c.avatar,c.avatarbig from sys_comment co left join sys_client c on co.client_id = c.id where keyid=1 and keytype=2 order by id desc
NOTIC: [2] Invalid argument supplied for foreach() D:\group16\hm_cjml\web\Webservice\Action\V100Action.class.php 第 1265 行.

[ 2017-05-03T16:02:50+08:00 ] 127.0.0.1 /hm_cjml/index.php/Webservice/V100/comment_list
INFO: [ app_begin ] --START--
INFO: ReadHtmlCache Behavior ::run [ RunTime:0.001000s ]
INFO: [ app_begin ] --END-- [ RunTime:0.001000s ]
NOTIC: [8192] mysql_connect(): The mysql extension is deprecated and will be removed in the future: use mysqli or PDO instead D:\group16\hm_cjml\ThinkPHP\Lib\Driver\Db\DbMysql.class.php 第 55 行.
SQL: select co.*,c.account,c.avatar,c.avatarbig from sys_comment co left join sys_client c on co.client_id = c.id where keyid=2 and keytype=2 order by id desc [ RunTime:0.001000s ]
ERR: 1054:Champ 'keyid' inconnu dans where clause
 [ SQL语句 ] : select co.*,c.account,c.avatar,c.avatarbig from sys_comment co left join sys_client c on co.client_id = c.id where keyid=2 and keytype=2 order by id desc
NOTIC: [2] Invalid argument supplied for foreach() D:\group16\hm_cjml\web\Webservice\Action\V100Action.class.php 第 1265 行.

[ 2017-05-03T16:02:53+08:00 ] 127.0.0.1 /hm_cjml/index.php/Webservice/V100/comment_list
INFO: [ app_begin ] --START--
INFO: ReadHtmlCache Behavior ::run [ RunTime:0.001000s ]
INFO: [ app_begin ] --END-- [ RunTime:0.001000s ]
NOTIC: [8192] mysql_connect(): The mysql extension is deprecated and will be removed in the future: use mysqli or PDO instead D:\group16\hm_cjml\ThinkPHP\Lib\Driver\Db\DbMysql.class.php 第 55 行.
SQL: select co.*,c.account,c.avatar,c.avatarbig from sys_comment co left join sys_client c on co.client_id = c.id where keyid=3 and keytype=2 order by id desc [ RunTime:0.000000s ]
ERR: 1054:Champ 'keyid' inconnu dans where clause
 [ SQL语句 ] : select co.*,c.account,c.avatar,c.avatarbig from sys_comment co left join sys_client c on co.client_id = c.id where keyid=3 and keytype=2 order by id desc
NOTIC: [2] Invalid argument supplied for foreach() D:\group16\hm_cjml\web\Webservice\Action\V100Action.class.php 第 1265 行.

[ 2017-05-03T16:03:12+08:00 ] 127.0.0.1 /hm_cjml/index.php/Webservice/V100/comment_list
INFO: [ app_begin ] --START--
INFO: ReadHtmlCache Behavior ::run [ RunTime:0.001000s ]
INFO: [ app_begin ] --END-- [ RunTime:0.001000s ]
NOTIC: [8192] mysql_connect(): The mysql extension is deprecated and will be removed in the future: use mysqli or PDO instead D:\group16\hm_cjml\ThinkPHP\Lib\Driver\Db\DbMysql.class.php 第 55 行.
SQL: select co.*,c.account,c.avatar,c.avatarbig from sys_comment co left join sys_client c on co.client_id = c.id where keyid=78 and keytype=2 order by id desc [ RunTime:0.000000s ]
ERR: 1054:Champ 'keyid' inconnu dans where clause
 [ SQL语句 ] : select co.*,c.account,c.avatar,c.avatarbig from sys_comment co left join sys_client c on co.client_id = c.id where keyid=78 and keytype=2 order by id desc
NOTIC: [2] Invalid argument supplied for foreach() D:\group16\hm_cjml\web\Webservice\Action\V100Action.class.php 第 1265 行.

[ 2017-05-03T16:03:15+08:00 ] 127.0.0.1 /hm_cjml/index.php/Webservice/V100/comment_list
INFO: [ app_begin ] --START--
INFO: ReadHtmlCache Behavior ::run [ RunTime:0.001000s ]
INFO: [ app_begin ] --END-- [ RunTime:0.001000s ]
NOTIC: [8192] mysql_connect(): The mysql extension is deprecated and will be removed in the future: use mysqli or PDO instead D:\group16\hm_cjml\ThinkPHP\Lib\Driver\Db\DbMysql.class.php 第 55 行.
SQL: select co.*,c.account,c.avatar,c.avatarbig from sys_comment co left join sys_client c on co.client_id = c.id where keyid=80 and keytype=2 order by id desc [ RunTime:0.000000s ]
ERR: 1054:Champ 'keyid' inconnu dans where clause
 [ SQL语句 ] : select co.*,c.account,c.avatar,c.avatarbig from sys_comment co left join sys_client c on co.client_id = c.id where keyid=80 and keytype=2 order by id desc
NOTIC: [2] Invalid argument supplied for foreach() D:\group16\hm_cjml\web\Webservice\Action\V100Action.class.php 第 1265 行.

[ 2017-05-03T16:03:37+08:00 ] 127.0.0.1 /hm_cjml/index.php/Webservice/V100/comment_list
INFO: [ app_begin ] --START--
INFO: ReadHtmlCache Behavior ::run [ RunTime:0.001000s ]
INFO: [ app_begin ] --END-- [ RunTime:0.001000s ]
NOTIC: [8192] mysql_connect(): The mysql extension is deprecated and will be removed in the future: use mysqli or PDO instead D:\group16\hm_cjml\ThinkPHP\Lib\Driver\Db\DbMysql.class.php 第 55 行.
SQL: select co.*,c.account,c.avatar,c.avatarbig from sys_comment co left join sys_client c on co.client_id = c.id where keyid=18 and keytype=2 order by id desc [ RunTime:0.000000s ]
ERR: 1054:Champ 'keyid' inconnu dans where clause
 [ SQL语句 ] : select co.*,c.account,c.avatar,c.avatarbig from sys_comment co left join sys_client c on co.client_id = c.id where keyid=18 and keytype=2 order by id desc
NOTIC: [2] Invalid argument supplied for foreach() D:\group16\hm_cjml\web\Webservice\Action\V100Action.class.php 第 1265 行.

[ 2017-05-03T16:03:38+08:00 ] 127.0.0.1 /hm_cjml/index.php/Webservice/V100/comment_list
INFO: [ app_begin ] --START--
INFO: ReadHtmlCache Behavior ::run [ RunTime:0.001000s ]
INFO: [ app_begin ] --END-- [ RunTime:0.001000s ]
NOTIC: [8192] mysql_connect(): The mysql extension is deprecated and will be removed in the future: use mysqli or PDO instead D:\group16\hm_cjml\ThinkPHP\Lib\Driver\Db\DbMysql.class.php 第 55 行.
SQL: select co.*,c.account,c.avatar,c.avatarbig from sys_comment co left join sys_client c on co.client_id = c.id where keyid=18 and keytype=2 order by id desc [ RunTime:0.000000s ]
ERR: 1054:Champ 'keyid' inconnu dans where clause
 [ SQL语句 ] : select co.*,c.account,c.avatar,c.avatarbig from sys_comment co left join sys_client c on co.client_id = c.id where keyid=18 and keytype=2 order by id desc
NOTIC: [2] Invalid argument supplied for foreach() D:\group16\hm_cjml\web\Webservice\Action\V100Action.class.php 第 1265 行.

[ 2017-05-03T16:03:41+08:00 ] 127.0.0.1 /hm_cjml/index.php/Webservice/V100/comment_list
INFO: [ app_begin ] --START--
INFO: ReadHtmlCache Behavior ::run [ RunTime:0.001000s ]
INFO: [ app_begin ] --END-- [ RunTime:0.001000s ]
NOTIC: [8192] mysql_connect(): The mysql extension is deprecated and will be removed in the future: use mysqli or PDO instead D:\group16\hm_cjml\ThinkPHP\Lib\Driver\Db\DbMysql.class.php 第 55 行.
SQL: select co.*,c.account,c.avatar,c.avatarbig from sys_comment co left join sys_client c on co.client_id = c.id where keyid=19 and keytype=2 order by id desc [ RunTime:0.001000s ]
ERR: 1054:Champ 'keyid' inconnu dans where clause
 [ SQL语句 ] : select co.*,c.account,c.avatar,c.avatarbig from sys_comment co left join sys_client c on co.client_id = c.id where keyid=19 and keytype=2 order by id desc
NOTIC: [2] Invalid argument supplied for foreach() D:\group16\hm_cjml\web\Webservice\Action\V100Action.class.php 第 1265 行.

[ 2017-05-03T16:03:45+08:00 ] 127.0.0.1 /hm_cjml/index.php/Webservice/V100/comment_list
INFO: [ app_begin ] --START--
INFO: ReadHtmlCache Behavior ::run [ RunTime:0.001000s ]
INFO: [ app_begin ] --END-- [ RunTime:0.001000s ]
NOTIC: [8192] mysql_connect(): The mysql extension is deprecated and will be removed in the future: use mysqli or PDO instead D:\group16\hm_cjml\ThinkPHP\Lib\Driver\Db\DbMysql.class.php 第 55 行.
SQL: select co.*,c.account,c.avatar,c.avatarbig from sys_comment co left join sys_client c on co.client_id = c.id where keyid=20 and keytype=2 order by id desc [ RunTime:0.000000s ]
ERR: 1054:Champ 'keyid' inconnu dans where clause
 [ SQL语句 ] : select co.*,c.account,c.avatar,c.avatarbig from sys_comment co left join sys_client c on co.client_id = c.id where keyid=20 and keytype=2 order by id desc
NOTIC: [2] Invalid argument supplied for foreach() D:\group16\hm_cjml\web\Webservice\Action\V100Action.class.php 第 1265 行.

[ 2017-05-03T16:04:37+08:00 ] 127.0.0.1 /hm_cjml/index.php/Webservice/V100/comment_list
INFO: [ app_begin ] --START--
INFO: ReadHtmlCache Behavior ::run [ RunTime:0.001000s ]
INFO: [ app_begin ] --END-- [ RunTime:0.001000s ]
NOTIC: [8192] mysql_connect(): The mysql extension is deprecated and will be removed in the future: use mysqli or PDO instead D:\group16\hm_cjml\ThinkPHP\Lib\Driver\Db\DbMysql.class.php 第 55 行.
SQL: select co.*,c.account,c.avatar,c.avatarbig from sys_comment co left join sys_client c on co.client_id = c.id where keyid=20 and keytype=2 order by id desc [ RunTime:0.001000s ]
ERR: 1054:Champ 'keyid' inconnu dans where clause
 [ SQL语句 ] : select co.*,c.account,c.avatar,c.avatarbig from sys_comment co left join sys_client c on co.client_id = c.id where keyid=20 and keytype=2 order by id desc
NOTIC: [2] Invalid argument supplied for foreach() D:\group16\hm_cjml\web\Webservice\Action\V100Action.class.php 第 1265 行.

[ 2017-05-03T16:04:38+08:00 ] 127.0.0.1 /hm_cjml/index.php/Webservice/V100/comment_list
INFO: [ app_begin ] --START--
INFO: ReadHtmlCache Behavior ::run [ RunTime:0.001000s ]
INFO: [ app_begin ] --END-- [ RunTime:0.002000s ]
NOTIC: [8192] mysql_connect(): The mysql extension is deprecated and will be removed in the future: use mysqli or PDO instead D:\group16\hm_cjml\ThinkPHP\Lib\Driver\Db\DbMysql.class.php 第 55 行.
SQL: select co.*,c.account,c.avatar,c.avatarbig from sys_comment co left join sys_client c on co.client_id = c.id where keyid=20 and keytype=2 order by id desc [ RunTime:0.001000s ]
ERR: 1054:Champ 'keyid' inconnu dans where clause
 [ SQL语句 ] : select co.*,c.account,c.avatar,c.avatarbig from sys_comment co left join sys_client c on co.client_id = c.id where keyid=20 and keytype=2 order by id desc
NOTIC: [2] Invalid argument supplied for foreach() D:\group16\hm_cjml\web\Webservice\Action\V100Action.class.php 第 1265 行.

[ 2017-05-03T16:04:38+08:00 ] 127.0.0.1 /hm_cjml/index.php/Webservice/V100/comment_list
INFO: [ app_begin ] --START--
INFO: ReadHtmlCache Behavior ::run [ RunTime:0.001000s ]
INFO: [ app_begin ] --END-- [ RunTime:0.002000s ]
NOTIC: [8192] mysql_connect(): The mysql extension is deprecated and will be removed in the future: use mysqli or PDO instead D:\group16\hm_cjml\ThinkPHP\Lib\Driver\Db\DbMysql.class.php 第 55 行.
SQL: select co.*,c.account,c.avatar,c.avatarbig from sys_comment co left join sys_client c on co.client_id = c.id where keyid=20 and keytype=2 order by id desc [ RunTime:0.000000s ]
ERR: 1054:Champ 'keyid' inconnu dans where clause
 [ SQL语句 ] : select co.*,c.account,c.avatar,c.avatarbig from sys_comment co left join sys_client c on co.client_id = c.id where keyid=20 and keytype=2 order by id desc
NOTIC: [2] Invalid argument supplied for foreach() D:\group16\hm_cjml\web\Webservice\Action\V100Action.class.php 第 1265 行.

[ 2017-05-03T16:04:38+08:00 ] 127.0.0.1 /hm_cjml/index.php/Webservice/V100/comment_list
INFO: [ app_begin ] --START--
INFO: ReadHtmlCache Behavior ::run [ RunTime:0.002000s ]
INFO: [ app_begin ] --END-- [ RunTime:0.002000s ]
NOTIC: [8192] mysql_connect(): The mysql extension is deprecated and will be removed in the future: use mysqli or PDO instead D:\group16\hm_cjml\ThinkPHP\Lib\Driver\Db\DbMysql.class.php 第 55 行.
SQL: select co.*,c.account,c.avatar,c.avatarbig from sys_comment co left join sys_client c on co.client_id = c.id where keyid=20 and keytype=2 order by id desc [ RunTime:0.000000s ]
ERR: 1054:Champ 'keyid' inconnu dans where clause
 [ SQL语句 ] : select co.*,c.account,c.avatar,c.avatarbig from sys_comment co left join sys_client c on co.client_id = c.id where keyid=20 and keytype=2 order by id desc
NOTIC: [2] Invalid argument supplied for foreach() D:\group16\hm_cjml\web\Webservice\Action\V100Action.class.php 第 1265 行.

[ 2017-05-03T16:04:39+08:00 ] 127.0.0.1 /hm_cjml/index.php/Webservice/V100/comment_list
INFO: [ app_begin ] --START--
INFO: ReadHtmlCache Behavior ::run [ RunTime:0.002000s ]
INFO: [ app_begin ] --END-- [ RunTime:0.002000s ]
NOTIC: [8192] mysql_connect(): The mysql extension is deprecated and will be removed in the future: use mysqli or PDO instead D:\group16\hm_cjml\ThinkPHP\Lib\Driver\Db\DbMysql.class.php 第 55 行.
SQL: select co.*,c.account,c.avatar,c.avatarbig from sys_comment co left join sys_client c on co.client_id = c.id where keyid=20 and keytype=2 order by id desc [ RunTime:0.001000s ]
ERR: 1054:Champ 'keyid' inconnu dans where clause
 [ SQL语句 ] : select co.*,c.account,c.avatar,c.avatarbig from sys_comment co left join sys_client c on co.client_id = c.id where keyid=20 and keytype=2 order by id desc
NOTIC: [2] Invalid argument supplied for foreach() D:\group16\hm_cjml\web\Webservice\Action\V100Action.class.php 第 1265 行.

[ 2017-05-03T16:04:39+08:00 ] 127.0.0.1 /hm_cjml/index.php/Webservice/V100/comment_list
INFO: [ app_begin ] --START--
INFO: ReadHtmlCache Behavior ::run [ RunTime:0.000000s ]
INFO: [ app_begin ] --END-- [ RunTime:0.001001s ]
NOTIC: [8192] mysql_connect(): The mysql extension is deprecated and will be removed in the future: use mysqli or PDO instead D:\group16\hm_cjml\ThinkPHP\Lib\Driver\Db\DbMysql.class.php 第 55 行.
SQL: select co.*,c.account,c.avatar,c.avatarbig from sys_comment co left join sys_client c on co.client_id = c.id where keyid=20 and keytype=2 order by id desc [ RunTime:0.001000s ]
ERR: 1054:Champ 'keyid' inconnu dans where clause
 [ SQL语句 ] : select co.*,c.account,c.avatar,c.avatarbig from sys_comment co left join sys_client c on co.client_id = c.id where keyid=20 and keytype=2 order by id desc
NOTIC: [2] Invalid argument supplied for foreach() D:\group16\hm_cjml\web\Webservice\Action\V100Action.class.php 第 1265 行.

[ 2017-05-03T16:08:25+08:00 ] 127.0.0.1 /hm_cjml/index.php/Webservice/V100/comment_list
INFO: [ app_begin ] --START--
INFO: ReadHtmlCache Behavior ::run [ RunTime:0.001000s ]
INFO: [ app_begin ] --END-- [ RunTime:0.002000s ]
NOTIC: [8192] mysql_connect(): The mysql extension is deprecated and will be removed in the future: use mysqli or PDO instead D:\group16\hm_cjml\ThinkPHP\Lib\Driver\Db\DbMysql.class.php 第 55 行.
SQL: select co.*,c.account,c.avatar,c.avatarbig from sys_comment co left join sys_client c on co.client_id = c.id left join sys_o2order o2 on co.o2order_id = o2.id where o2.shop_id=20 order by co.id desc [ RunTime:0.000000s ]
ERR: 1054:Champ 'o2.shop_id' inconnu dans where clause
 [ SQL语句 ] : select co.*,c.account,c.avatar,c.avatarbig from sys_comment co left join sys_client c on co.client_id = c.id left join sys_o2order o2 on co.o2order_id = o2.id where o2.shop_id=20 order by co.id desc
NOTIC: [2] Invalid argument supplied for foreach() D:\group16\hm_cjml\web\Webservice\Action\V100Action.class.php 第 1265 行.

[ 2017-05-03T16:08:25+08:00 ] 127.0.0.1 /hm_cjml/index.php/Webservice/V100/comment_list
INFO: [ app_begin ] --START--
INFO: ReadHtmlCache Behavior ::run [ RunTime:0.001000s ]
INFO: [ app_begin ] --END-- [ RunTime:0.001000s ]
NOTIC: [8192] mysql_connect(): The mysql extension is deprecated and will be removed in the future: use mysqli or PDO instead D:\group16\hm_cjml\ThinkPHP\Lib\Driver\Db\DbMysql.class.php 第 55 行.
SQL: select co.*,c.account,c.avatar,c.avatarbig from sys_comment co left join sys_client c on co.client_id = c.id left join sys_o2order o2 on co.o2order_id = o2.id where o2.shop_id=20 order by co.id desc [ RunTime:0.001000s ]
ERR: 1054:Champ 'o2.shop_id' inconnu dans where clause
 [ SQL语句 ] : select co.*,c.account,c.avatar,c.avatarbig from sys_comment co left join sys_client c on co.client_id = c.id left join sys_o2order o2 on co.o2order_id = o2.id where o2.shop_id=20 order by co.id desc
NOTIC: [2] Invalid argument supplied for foreach() D:\group16\hm_cjml\web\Webservice\Action\V100Action.class.php 第 1265 行.

[ 2017-05-03T16:08:26+08:00 ] 127.0.0.1 /hm_cjml/index.php/Webservice/V100/comment_list
INFO: [ app_begin ] --START--
INFO: ReadHtmlCache Behavior ::run [ RunTime:0.001000s ]
INFO: [ app_begin ] --END-- [ RunTime:0.002000s ]
NOTIC: [8192] mysql_connect(): The mysql extension is deprecated and will be removed in the future: use mysqli or PDO instead D:\group16\hm_cjml\ThinkPHP\Lib\Driver\Db\DbMysql.class.php 第 55 行.
SQL: select co.*,c.account,c.avatar,c.avatarbig from sys_comment co left join sys_client c on co.client_id = c.id left join sys_o2order o2 on co.o2order_id = o2.id where o2.shop_id=20 order by co.id desc [ RunTime:0.000000s ]
ERR: 1054:Champ 'o2.shop_id' inconnu dans where clause
 [ SQL语句 ] : select co.*,c.account,c.avatar,c.avatarbig from sys_comment co left join sys_client c on co.client_id = c.id left join sys_o2order o2 on co.o2order_id = o2.id where o2.shop_id=20 order by co.id desc
NOTIC: [2] Invalid argument supplied for foreach() D:\group16\hm_cjml\web\Webservice\Action\V100Action.class.php 第 1265 行.

[ 2017-05-03T16:08:26+08:00 ] 127.0.0.1 /hm_cjml/index.php/Webservice/V100/comment_list
INFO: [ app_begin ] --START--
INFO: ReadHtmlCache Behavior ::run [ RunTime:0.001000s ]
INFO: [ app_begin ] --END-- [ RunTime:0.001000s ]
NOTIC: [8192] mysql_connect(): The mysql extension is deprecated and will be removed in the future: use mysqli or PDO instead D:\group16\hm_cjml\ThinkPHP\Lib\Driver\Db\DbMysql.class.php 第 55 行.
SQL: select co.*,c.account,c.avatar,c.avatarbig from sys_comment co left join sys_client c on co.client_id = c.id left join sys_o2order o2 on co.o2order_id = o2.id where o2.shop_id=20 order by co.id desc [ RunTime:0.000000s ]
ERR: 1054:Champ 'o2.shop_id' inconnu dans where clause
 [ SQL语句 ] : select co.*,c.account,c.avatar,c.avatarbig from sys_comment co left join sys_client c on co.client_id = c.id left join sys_o2order o2 on co.o2order_id = o2.id where o2.shop_id=20 order by co.id desc
NOTIC: [2] Invalid argument supplied for foreach() D:\group16\hm_cjml\web\Webservice\Action\V100Action.class.php 第 1265 行.

[ 2017-05-03T16:08:26+08:00 ] 127.0.0.1 /hm_cjml/index.php/Webservice/V100/comment_list
INFO: [ app_begin ] --START--
INFO: ReadHtmlCache Behavior ::run [ RunTime:0.001000s ]
INFO: [ app_begin ] --END-- [ RunTime:0.001000s ]
NOTIC: [8192] mysql_connect(): The mysql extension is deprecated and will be removed in the future: use mysqli or PDO instead D:\group16\hm_cjml\ThinkPHP\Lib\Driver\Db\DbMysql.class.php 第 55 行.
SQL: select co.*,c.account,c.avatar,c.avatarbig from sys_comment co left join sys_client c on co.client_id = c.id left join sys_o2order o2 on co.o2order_id = o2.id where o2.shop_id=20 order by co.id desc [ RunTime:0.000000s ]
ERR: 1054:Champ 'o2.shop_id' inconnu dans where clause
 [ SQL语句 ] : select co.*,c.account,c.avatar,c.avatarbig from sys_comment co left join sys_client c on co.client_id = c.id left join sys_o2order o2 on co.o2order_id = o2.id where o2.shop_id=20 order by co.id desc
NOTIC: [2] Invalid argument supplied for foreach() D:\group16\hm_cjml\web\Webservice\Action\V100Action.class.php 第 1265 行.

[ 2017-05-03T16:10:24+08:00 ] 127.0.0.1 /hm_cjml/index.php/Webservice/V100/comment_list
INFO: [ app_begin ] --START--
INFO: ReadHtmlCache Behavior ::run [ RunTime:0.001000s ]
INFO: [ app_begin ] --END-- [ RunTime:0.001000s ]
NOTIC: [8192] mysql_connect(): The mysql extension is deprecated and will be removed in the future: use mysqli or PDO instead D:\group16\hm_cjml\ThinkPHP\Lib\Driver\Db\DbMysql.class.php 第 55 行.
SQL: select co.*,c.account,c.avatar,c.avatarbig from sys_comment co left join sys_client c on co.client_id = c.id left join sys_o2order o2 on co.o2order_id = o2.id left join sys_good g on o2.good_id = g.id where g.shop_id=20 order by co.id desc [ RunTime:0.020001s ]
SQL: select * from sys_img where keytype=3 and keyid=20 [ RunTime:0.001000s ]
SQL: select * from sys_img where keytype=3 and keyid=22 [ RunTime:0.000000s ]
SQL: select * from sys_img where keytype=3 and keyid=21 [ RunTime:0.000000s ]

[ 2017-05-03T16:23:12+08:00 ] 127.0.0.1 /hm_cjml/index.php/Webservice/V100/comment_list
INFO: [ app_begin ] --START--
INFO: ReadHtmlCache Behavior ::run [ RunTime:0.001000s ]
INFO: [ app_begin ] --END-- [ RunTime:0.001000s ]
NOTIC: [8192] mysql_connect(): The mysql extension is deprecated and will be removed in the future: use mysqli or PDO instead D:\group16\hm_cjml\ThinkPHP\Lib\Driver\Db\DbMysql.class.php 第 55 行.
SQL: select co.*,c.account,c.avatar,c.avatarbig from sys_comment co left join sys_client c on co.client_id = c.id left join sys_o2order o2 on co.o2order_id = o2.id left join sys_good g on o2.good_id = g.id where g.shop_id=20 order by co.id desc [ RunTime:0.000000s ]
SQL: select * from sys_img where keytype=3 and keyid=20 [ RunTime:0.000000s ]
SQL: select * from sys_img where keytype=3 and keyid=22 [ RunTime:0.000000s ]
SQL: select * from sys_img where keytype=3 and keyid=21 [ RunTime:0.001000s ]

[ 2017-05-03T16:23:37+08:00 ] 127.0.0.1 /hm_cjml/index.php/Webservice/V100/comment_list
INFO: [ app_begin ] --START--
INFO: ReadHtmlCache Behavior ::run [ RunTime:0.001000s ]
INFO: [ app_begin ] --END-- [ RunTime:0.001000s ]
NOTIC: [8192] mysql_connect(): The mysql extension is deprecated and will be removed in the future: use mysqli or PDO instead D:\group16\hm_cjml\ThinkPHP\Lib\Driver\Db\DbMysql.class.php 第 55 行.
SQL: select co.*,c.account,c.avatar,c.avatarbig from sys_comment co left join sys_client c on co.client_id = c.id left join sys_o2order o2 on co.o2order_id = o2.id left join sys_good g on o2.good_id = g.id where g.shop_id=20 order by co.id desc [ RunTime:0.000000s ]
SQL: select * from sys_img where keytype=3 and keyid=20 [ RunTime:0.000000s ]
SQL: select * from sys_img where keytype=3 and keyid=22 [ RunTime:0.000000s ]
SQL: select * from sys_img where keytype=3 and keyid=21 [ RunTime:0.001000s ]

[ 2017-05-03T16:23:48+08:00 ] 127.0.0.1 /hm_cjml/index.php/Webservice/V100/comment_list
INFO: [ app_begin ] --START--
INFO: ReadHtmlCache Behavior ::run [ RunTime:0.001000s ]
INFO: [ app_begin ] --END-- [ RunTime:0.001000s ]
NOTIC: [8192] mysql_connect(): The mysql extension is deprecated and will be removed in the future: use mysqli or PDO instead D:\group16\hm_cjml\ThinkPHP\Lib\Driver\Db\DbMysql.class.php 第 55 行.
SQL: select co.*,c.account,c.avatar,c.avatarbig from sys_comment co left join sys_client c on co.client_id = c.id left join sys_o2order o2 on co.o2order_id = o2.id left join sys_good g on o2.good_id = g.id where g.shop_id=20 order by co.id desc [ RunTime:0.000000s ]
SQL: select * from sys_img where keytype=3 and keyid=20 [ RunTime:0.000000s ]
SQL: select * from sys_img where keytype=3 and keyid=22 [ RunTime:0.000000s ]
SQL: select * from sys_img where keytype=3 and keyid=21 [ RunTime:0.000000s ]

[ 2017-05-03T16:30:25+08:00 ] 127.0.0.1 /hm_cjml/index.php/Webservice/V100/comment_list
INFO: [ app_begin ] --START--
INFO: ReadHtmlCache Behavior ::run [ RunTime:0.001000s ]
INFO: [ app_begin ] --END-- [ RunTime:0.001000s ]
NOTIC: [8192] mysql_connect(): The mysql extension is deprecated and will be removed in the future: use mysqli or PDO instead D:\group16\hm_cjml\ThinkPHP\Lib\Driver\Db\DbMysql.class.php 第 55 行.
SQL: select co.*,c.account,c.avatar,c.avatarbig from sys_comment co left join sys_client c on co.client_id = c.id left join sys_o2order o2 on co.o2order_id = o2.id left join sys_good g on o2.good_id = g.id where g.shop_id=20  order by co.id desc [ RunTime:0.001000s ]
SQL: select * from sys_img where keytype=3 and keyid=20 [ RunTime:0.000000s ]
SQL: select * from sys_img where keytype=3 and keyid=22 [ RunTime:0.000000s ]
SQL: select * from sys_img where keytype=3 and keyid=21 [ RunTime:0.000000s ]

[ 2017-05-03T16:30:35+08:00 ] 127.0.0.1 /hm_cjml/index.php/Webservice/V100/comment_list
INFO: [ app_begin ] --START--
INFO: ReadHtmlCache Behavior ::run [ RunTime:0.001000s ]
INFO: [ app_begin ] --END-- [ RunTime:0.001000s ]
NOTIC: [8192] mysql_connect(): The mysql extension is deprecated and will be removed in the future: use mysqli or PDO instead D:\group16\hm_cjml\ThinkPHP\Lib\Driver\Db\DbMysql.class.php 第 55 行.
SQL: select co.*,c.account,c.avatar,c.avatarbig from sys_comment co left join sys_client c on co.client_id = c.id left join sys_o2order o2 on co.o2order_id = o2.id left join sys_good g on o2.good_id = g.id where g.shop_id=20  and co.star <3 order by co.id desc [ RunTime:0.000000s ]

[ 2017-05-03T16:30:48+08:00 ] 127.0.0.1 /hm_cjml/index.php/Webservice/V100/comment_list
INFO: [ app_begin ] --START--
INFO: ReadHtmlCache Behavior ::run [ RunTime:0.001000s ]
INFO: [ app_begin ] --END-- [ RunTime:0.001000s ]
NOTIC: [8192] mysql_connect(): The mysql extension is deprecated and will be removed in the future: use mysqli or PDO instead D:\group16\hm_cjml\ThinkPHP\Lib\Driver\Db\DbMysql.class.php 第 55 行.
SQL: select co.*,c.account,c.avatar,c.avatarbig from sys_comment co left join sys_client c on co.client_id = c.id left join sys_o2order o2 on co.o2order_id = o2.id left join sys_good g on o2.good_id = g.id where g.shop_id=20  and co.star <3 order by co.id desc [ RunTime:0.000000s ]
SQL: select * from sys_img where keytype=3 and keyid=22 [ RunTime:0.000000s ]

[ 2017-05-03T16:30:58+08:00 ] 127.0.0.1 /hm_cjml/index.php/Webservice/V100/comment_list
INFO: [ app_begin ] --START--
INFO: ReadHtmlCache Behavior ::run [ RunTime:0.001000s ]
INFO: [ app_begin ] --END-- [ RunTime:0.001000s ]
NOTIC: [8192] mysql_connect(): The mysql extension is deprecated and will be removed in the future: use mysqli or PDO instead D:\group16\hm_cjml\ThinkPHP\Lib\Driver\Db\DbMysql.class.php 第 55 行.
SQL: select co.*,c.account,c.avatar,c.avatarbig from sys_comment co left join sys_client c on co.client_id = c.id left join sys_o2order o2 on co.o2order_id = o2.id left join sys_good g on o2.good_id = g.id where g.shop_id=20  and co.star <3 order by co.id desc [ RunTime:0.001000s ]

[ 2017-05-03T16:31:23+08:00 ] 127.0.0.1 /hm_cjml/index.php/Webservice/V100/comment_list
INFO: [ app_begin ] --START--
INFO: ReadHtmlCache Behavior ::run [ RunTime:0.001000s ]
INFO: [ app_begin ] --END-- [ RunTime:0.001000s ]
NOTIC: [8192] mysql_connect(): The mysql extension is deprecated and will be removed in the future: use mysqli or PDO instead D:\group16\hm_cjml\ThinkPHP\Lib\Driver\Db\DbMysql.class.php 第 55 行.
SQL: select co.*,c.account,c.avatar,c.avatarbig from sys_comment co left join sys_client c on co.client_id = c.id left join sys_o2order o2 on co.o2order_id = o2.id left join sys_good g on o2.good_id = g.id where g.shop_id=20  order by co.id desc [ RunTime:0.000000s ]
SQL: select * from sys_img where keytype=3 and keyid=20 [ RunTime:0.000000s ]
SQL: select * from sys_img where keytype=3 and keyid=22 [ RunTime:0.000000s ]
SQL: select * from sys_img where keytype=3 and keyid=21 [ RunTime:0.001000s ]

[ 2017-05-03T16:31:30+08:00 ] 127.0.0.1 /hm_cjml/index.php/Webservice/V100/comment_list
INFO: [ app_begin ] --START--
INFO: ReadHtmlCache Behavior ::run [ RunTime:0.001000s ]
INFO: [ app_begin ] --END-- [ RunTime:0.001000s ]
NOTIC: [8192] mysql_connect(): The mysql extension is deprecated and will be removed in the future: use mysqli or PDO instead D:\group16\hm_cjml\ThinkPHP\Lib\Driver\Db\DbMysql.class.php 第 55 行.
SQL: select co.*,c.account,c.avatar,c.avatarbig from sys_comment co left join sys_client c on co.client_id = c.id left join sys_o2order o2 on co.o2order_id = o2.id left join sys_good g on o2.good_id = g.id where g.shop_id=20  order by co.id desc [ RunTime:0.000000s ]
SQL: select * from sys_img where keytype=3 and keyid=20 [ RunTime:0.001000s ]
SQL: select * from sys_img where keytype=3 and keyid=22 [ RunTime:0.000000s ]
SQL: select * from sys_img where keytype=3 and keyid=21 [ RunTime:0.000000s ]

[ 2017-05-03T16:31:31+08:00 ] 127.0.0.1 /hm_cjml/index.php/Webservice/V100/comment_list
INFO: [ app_begin ] --START--
INFO: ReadHtmlCache Behavior ::run [ RunTime:0.002000s ]
INFO: [ app_begin ] --END-- [ RunTime:0.002000s ]
NOTIC: [8192] mysql_connect(): The mysql extension is deprecated and will be removed in the future: use mysqli or PDO instead D:\group16\hm_cjml\ThinkPHP\Lib\Driver\Db\DbMysql.class.php 第 55 行.
SQL: select co.*,c.account,c.avatar,c.avatarbig from sys_comment co left join sys_client c on co.client_id = c.id left join sys_o2order o2 on co.o2order_id = o2.id left join sys_good g on o2.good_id = g.id where g.shop_id=20  order by co.id desc [ RunTime:0.000000s ]
SQL: select * from sys_img where keytype=3 and keyid=20 [ RunTime:0.000000s ]
SQL: select * from sys_img where keytype=3 and keyid=22 [ RunTime:0.000000s ]
SQL: select * from sys_img where keytype=3 and keyid=21 [ RunTime:0.000000s ]

[ 2017-05-03T16:31:31+08:00 ] 127.0.0.1 /hm_cjml/index.php/Webservice/V100/comment_list
INFO: [ app_begin ] --START--
INFO: ReadHtmlCache Behavior ::run [ RunTime:0.001000s ]
INFO: [ app_begin ] --END-- [ RunTime:0.001000s ]
NOTIC: [8192] mysql_connect(): The mysql extension is deprecated and will be removed in the future: use mysqli or PDO instead D:\group16\hm_cjml\ThinkPHP\Lib\Driver\Db\DbMysql.class.php 第 55 行.
SQL: select co.*,c.account,c.avatar,c.avatarbig from sys_comment co left join sys_client c on co.client_id = c.id left join sys_o2order o2 on co.o2order_id = o2.id left join sys_good g on o2.good_id = g.id where g.shop_id=20  order by co.id desc [ RunTime:0.001000s ]
SQL: select * from sys_img where keytype=3 and keyid=20 [ RunTime:0.000000s ]
SQL: select * from sys_img where keytype=3 and keyid=22 [ RunTime:0.001000s ]
SQL: select * from sys_img where keytype=3 and keyid=21 [ RunTime:0.000000s ]

[ 2017-05-03T16:31:32+08:00 ] 127.0.0.1 /hm_cjml/index.php/Webservice/V100/comment_list
INFO: [ app_begin ] --START--
INFO: ReadHtmlCache Behavior ::run [ RunTime:0.001000s ]
INFO: [ app_begin ] --END-- [ RunTime:0.001000s ]
NOTIC: [8192] mysql_connect(): The mysql extension is deprecated and will be removed in the future: use mysqli or PDO instead D:\group16\hm_cjml\ThinkPHP\Lib\Driver\Db\DbMysql.class.php 第 55 行.
SQL: select co.*,c.account,c.avatar,c.avatarbig from sys_comment co left join sys_client c on co.client_id = c.id left join sys_o2order o2 on co.o2order_id = o2.id left join sys_good g on o2.good_id = g.id where g.shop_id=20  order by co.id desc [ RunTime:0.000000s ]
SQL: select * from sys_img where keytype=3 and keyid=20 [ RunTime:0.000000s ]
SQL: select * from sys_img where keytype=3 and keyid=22 [ RunTime:0.000000s ]
SQL: select * from sys_img where keytype=3 and keyid=21 [ RunTime:0.000000s ]

[ 2017-05-03T16:31:32+08:00 ] 127.0.0.1 /hm_cjml/index.php/Webservice/V100/comment_list
INFO: [ app_begin ] --START--
INFO: ReadHtmlCache Behavior ::run [ RunTime:0.001000s ]
INFO: [ app_begin ] --END-- [ RunTime:0.001000s ]
NOTIC: [8192] mysql_connect(): The mysql extension is deprecated and will be removed in the future: use mysqli or PDO instead D:\group16\hm_cjml\ThinkPHP\Lib\Driver\Db\DbMysql.class.php 第 55 行.
SQL: select co.*,c.account,c.avatar,c.avatarbig from sys_comment co left join sys_client c on co.client_id = c.id left join sys_o2order o2 on co.o2order_id = o2.id left join sys_good g on o2.good_id = g.id where g.shop_id=20  order by co.id desc [ RunTime:0.000000s ]
SQL: select * from sys_img where keytype=3 and keyid=20 [ RunTime:0.000000s ]
SQL: select * from sys_img where keytype=3 and keyid=22 [ RunTime:0.000000s ]
SQL: select * from sys_img where keytype=3 and keyid=21 [ RunTime:0.001000s ]

[ 2017-05-03T16:31:35+08:00 ] 127.0.0.1 /hm_cjml/index.php/Webservice/V100/comment_list
INFO: [ app_begin ] --START--
INFO: ReadHtmlCache Behavior ::run [ RunTime:0.001000s ]
INFO: [ app_begin ] --END-- [ RunTime:0.001000s ]
NOTIC: [8192] mysql_connect(): The mysql extension is deprecated and will be removed in the future: use mysqli or PDO instead D:\group16\hm_cjml\ThinkPHP\Lib\Driver\Db\DbMysql.class.php 第 55 行.
SQL: select co.*,c.account,c.avatar,c.avatarbig from sys_comment co left join sys_client c on co.client_id = c.id left join sys_o2order o2 on co.o2order_id = o2.id left join sys_good g on o2.good_id = g.id where g.shop_id=20  order by co.id desc [ RunTime:0.000000s ]
SQL: select * from sys_img where keytype=3 and keyid=20 [ RunTime:0.000000s ]
SQL: select * from sys_img where keytype=3 and keyid=22 [ RunTime:0.000000s ]
SQL: select * from sys_img where keytype=3 and keyid=21 [ RunTime:0.000000s ]

[ 2017-05-03T16:47:42+08:00 ] 127.0.0.1 /hm_cjml/index.php?g=webadmin&m=shop&a=classify_list
INFO: [ app_begin ] --START--
INFO: ReadHtmlCache Behavior ::run [ RunTime:0.001000s ]
INFO: [ app_begin ] --END-- [ RunTime:0.001000s ]
NOTIC: [8192] mysql_connect(): The mysql extension is deprecated and will be removed in the future: use mysqli or PDO instead D:\group16\hm_cjml\ThinkPHP\Lib\Driver\Db\DbMysql.class.php 第 55 行.
SQL: select id,name from sys_classify where parentid=0 and flag=1 [ RunTime:0.000000s ]

[ 2017-05-03T17:04:07+08:00 ] 127.0.0.1 /hm_cjml/index.php/Webservice/V100/order_comment
INFO: [ app_begin ] --START--
INFO: ReadHtmlCache Behavior ::run [ RunTime:0.001000s ]
INFO: [ app_begin ] --END-- [ RunTime:0.001000s ]
NOTIC: [8192] mysql_connect(): The mysql extension is deprecated and will be removed in the future: use mysqli or PDO instead D:\group16\hm_cjml\ThinkPHP\Lib\Driver\Db\DbMysql.class.php 第 55 行.
SQL: select * from sys_o2order where id=23 and payflag=3 [ RunTime:0.000000s ]
SQL: select s.id from sys_o2order o left join sys_good g on o.good_id=g.id left join sys_shop s on g.shop_id=s.id where o.id=23 [ RunTime:0.000000s ]
SQL: select all_orders,all_star from sys_shop where id=20 [ RunTime:0.000000s ]
SQL: insert into sys_comment set client_id=1,star=2,o2order_id=23,content='超级不好',regdate='2017-05-03 17:04:07',anonymous=1,shop_id=20 [ RunTime:0.000000s ]
SQL: update sys_o2order set payflag=4 where id=23 and payflag=3 and client_id=1 [ RunTime:0.038003s ]
SQL: update sys_shop set all_orders=4,all_star=15,star=4 where id=20 [ RunTime:0.001000s ]

[ 2017-05-03T17:08:02+08:00 ] 127.0.0.1 /hm_cjml/index.php/Webservice/V100/order_comment
INFO: [ app_begin ] --START--
INFO: ReadHtmlCache Behavior ::run [ RunTime:0.001001s ]
INFO: [ app_begin ] --END-- [ RunTime:0.001001s ]
NOTIC: [8192] mysql_connect(): The mysql extension is deprecated and will be removed in the future: use mysqli or PDO instead D:\group16\hm_cjml\ThinkPHP\Lib\Driver\Db\DbMysql.class.php 第 55 行.
SQL: select * from sys_o2order where id=23 and payflag=3 [ RunTime:0.000000s ]
SQL: select s.id from sys_o2order o left join sys_good g on o.good_id=g.id left join sys_shop s on g.shop_id=s.id where o.id=23 [ RunTime:0.000000s ]
SQL: select all_orders,all_star from sys_shop where id=20 [ RunTime:0.000000s ]
SQL: insert into sys_comment set client_id=1,star=2,o2order_id=23,content='超级不好',regdate='2017-05-03 17:08:02',anonymous=1,shop_id=20,good_id=5 [ RunTime:0.000000s ]
SQL: update sys_o2order set payflag=4 where id=23 and payflag=3 and client_id=1 [ RunTime:0.010000s ]
SQL: update sys_shop set all_orders=5,all_star=17,star=3 where id=20 [ RunTime:0.005001s ]

[ 2017-05-03T17:09:17+08:00 ] 127.0.0.1 /hm_cjml/index.php?g=webshop&m=login&a=index
INFO: [ app_begin ] --START--
INFO: ReadHtmlCache Behavior ::run [ RunTime:0.000000s ]
INFO: [ app_begin ] --END-- [ RunTime:0.001000s ]
NOTIC: [8192] mysql_connect(): The mysql extension is deprecated and will be removed in the future: use mysqli or PDO instead D:\group16\hm_cjml\ThinkPHP\Lib\Driver\Db\DbMysql.class.php 第 55 行.
SQL: select * from sys_shop where username='15092230000'  [ RunTime:0.000000s ]
SQL: update sys_shop set login=login+1,lastlogintime='2017-05-03 17:09:17',lastloginip='127.0.0.1' where id=20 [ RunTime:0.063004s ]

[ 2017-05-03T17:09:28+08:00 ] 127.0.0.1 /hm_cjml/index.php?g=webshop&m=finance&a=finance_list
ERR: 无法加载模块:Finance

[ 2017-05-03T17:48:26+08:00 ] 127.0.0.1 /hm_cjml/index.php?g=webshop&m=order&a=order_save
INFO: [ app_begin ] --START--
INFO: ReadHtmlCache Behavior ::run [ RunTime:0.001000s ]
INFO: [ app_begin ] --END-- [ RunTime:0.001000s ]
NOTIC: [8] Undefined index: role_id D:\group16\hm_cjml\web\Webshop\Action\BaseAction.class.php 第 15 行.
NOTIC: [8192] mysql_connect(): The mysql extension is deprecated and will be removed in the future: use mysqli or PDO instead D:\group16\hm_cjml\ThinkPHP\Lib\Driver\Db\DbMysql.class.php 第 55 行.
SQL: update sys_comment set  reply = '这位用户，你有什么根据，哼' where id=6 [ RunTime:0.001000s ]

[ 2017-05-03T17:58:33+08:00 ] 127.0.0.1 /hm_cjml/index.php?g=webshop&m=order&a=remarks_save
INFO: [ app_begin ] --START--
INFO: ReadHtmlCache Behavior ::run [ RunTime:0.001000s ]
INFO: [ app_begin ] --END-- [ RunTime:0.001000s ]
NOTIC: [8] Undefined index: role_id D:\group16\hm_cjml\web\Webshop\Action\BaseAction.class.php 第 15 行.
NOTIC: [8192] mysql_connect(): The mysql extension is deprecated and will be removed in the future: use mysqli or PDO instead D:\group16\hm_cjml\ThinkPHP\Lib\Driver\Db\DbMysql.class.php 第 55 行.
SQL: update sys_o2order set  remarks = '好！！！' where id=25 [ RunTime:0.022001s ]

[ 2017-05-03T17:58:52+08:00 ] 127.0.0.1 /hm_cjml/index.php?g=webshop&m=order&a=remarks_save
INFO: [ app_begin ] --START--
INFO: ReadHtmlCache Behavior ::run [ RunTime:0.001000s ]
INFO: [ app_begin ] --END-- [ RunTime:0.001000s ]
NOTIC: [8] Undefined index: role_id D:\group16\hm_cjml\web\Webshop\Action\BaseAction.class.php 第 15 行.
NOTIC: [8192] mysql_connect(): The mysql extension is deprecated and will be removed in the future: use mysqli or PDO instead D:\group16\hm_cjml\ThinkPHP\Lib\Driver\Db\DbMysql.class.php 第 55 行.
SQL: update sys_o2order set  remarks = 'very good' where id=20 [ RunTime:0.055003s ]

