[ 2017-05-02T10:22:08+08:00 ] 127.0.0.1 /hm_cjml/index.php/Webservice/V100/client_login
INFO: [ app_begin ] --START--
INFO: ReadHtmlCache Behavior ::run [ RunTime:0.003000s ]
INFO: [ app_begin ] --END-- [ RunTime:0.003000s ]
NOTIC: [8192] mysql_connect(): The mysql extension is deprecated and will be removed in the future: use mysqli or PDO instead D:\group16\hm_cjml\ThinkPHP\Lib\Driver\Db\DbMysql.class.php 第 55 行.
SQL: select * from sys_client where id>0 and account='18800000000'  [ RunTime:0.171009s ]
NOTIC: [8] Undefined variable: nickname D:\group16\hm_cjml\web\Webservice\Action\V100Action.class.php 第 115 行.
SQL:  update sys_client set lastlogintime='2017-05-02 10:22:08' where id =1  [ RunTime:0.066004s ]
SQL:  insert into sys_login_history set client_id=1,regdate='2017-05-02 10:22:08' [ RunTime:0.041003s ]

[ 2017-05-02T10:22:08+08:00 ] 127.0.0.1 /hm_cjml/index.php/Webservice/V100/client_login
INFO: [ app_begin ] --START--
INFO: ReadHtmlCache Behavior ::run [ RunTime:0.001000s ]
INFO: [ app_begin ] --END-- [ RunTime:0.001000s ]
NOTIC: [8192] mysql_connect(): The mysql extension is deprecated and will be removed in the future: use mysqli or PDO instead D:\group16\hm_cjml\ThinkPHP\Lib\Driver\Db\DbMysql.class.php 第 55 行.
SQL: select * from sys_client where id>0 and account='18800000000'  [ RunTime:0.001000s ]
NOTIC: [8] Undefined variable: nickname D:\group16\hm_cjml\web\Webservice\Action\V100Action.class.php 第 115 行.
SQL:  update sys_client set lastlogintime='2017-05-02 10:22:08' where id =1  [ RunTime:0.031002s ]
SQL:  insert into sys_login_history set client_id=1,regdate='2017-05-02 10:22:08' [ RunTime:0.000000s ]

[ 2017-05-02T10:22:20+08:00 ] 127.0.0.1 /hm_cjml/index.php/Webservice/V100/cash_get
INFO: [ app_begin ] --START--
INFO: ReadHtmlCache Behavior ::run [ RunTime:0.001000s ]
INFO: [ app_begin ] --END-- [ RunTime:0.001000s ]
NOTIC: [8192] mysql_connect(): The mysql extension is deprecated and will be removed in the future: use mysqli or PDO instead D:\group16\hm_cjml\ThinkPHP\Lib\Driver\Db\DbMysql.class.php 第 55 行.
SQL: select * from sys_cash where client_id=1 and isget=1 order by id desc [ RunTime:0.036002s ]

[ 2017-05-02T10:48:40+08:00 ] 127.0.0.1 /hm_cjml/index.php?g=webadmin&m=login&a=index
INFO: [ app_begin ] --START--
INFO: ReadHtmlCache Behavior ::run [ RunTime:0.001000s ]
INFO: [ app_begin ] --END-- [ RunTime:0.001000s ]
NOTIC: [8192] mysql_connect(): The mysql extension is deprecated and will be removed in the future: use mysqli or PDO instead D:\group16\hm_cjml\ThinkPHP\Lib\Driver\Db\DbMysql.class.php 第 55 行.
SQL: select * from sys_admin where account='admin'  [ RunTime:0.046003s ]

[ 2017-05-02T10:48:48+08:00 ] 127.0.0.1 /hm_cjml/index.php?g=webadmin&m=login&a=index
INFO: [ app_begin ] --START--
INFO: ReadHtmlCache Behavior ::run [ RunTime:0.001000s ]
INFO: [ app_begin ] --END-- [ RunTime:0.001000s ]
NOTIC: [8192] mysql_connect(): The mysql extension is deprecated and will be removed in the future: use mysqli or PDO instead D:\group16\hm_cjml\ThinkPHP\Lib\Driver\Db\DbMysql.class.php 第 55 行.
SQL: select * from sys_admin where account='admin'  [ RunTime:0.000000s ]
SQL: update sys_admin set login=login+1,lastlogintime='2017-05-02 10:48:48',lastloginip='127.0.0.1' where id=1 [ RunTime:0.001000s ]

[ 2017-05-02T10:53:23+08:00 ] 127.0.0.1 /hm_cjml/index.php/Webservice/V100/cash_withdrawal
INFO: [ app_begin ] --START--
INFO: ReadHtmlCache Behavior ::run [ RunTime:0.002000s ]
INFO: [ app_begin ] --END-- [ RunTime:0.002000s ]

[ 2017-05-02T10:53:35+08:00 ] 127.0.0.1 /hm_cjml/index.php/Webservice/V100/cash_withdrawal
INFO: [ app_begin ] --START--
INFO: ReadHtmlCache Behavior ::run [ RunTime:0.001000s ]
INFO: [ app_begin ] --END-- [ RunTime:0.001000s ]
NOTIC: [8192] mysql_connect(): The mysql extension is deprecated and will be removed in the future: use mysqli or PDO instead D:\group16\hm_cjml\ThinkPHP\Lib\Driver\Db\DbMysql.class.php 第 55 行.
SQL: select feeaccount from sys_client where id=1 [ RunTime:0.001000s ]

[ 2017-05-02T10:53:46+08:00 ] 127.0.0.1 /hm_cjml/index.php/Webservice/V100/cash_withdrawal
INFO: [ app_begin ] --START--
INFO: ReadHtmlCache Behavior ::run [ RunTime:0.001000s ]
INFO: [ app_begin ] --END-- [ RunTime:0.001000s ]
NOTIC: [8192] mysql_connect(): The mysql extension is deprecated and will be removed in the future: use mysqli or PDO instead D:\group16\hm_cjml\ThinkPHP\Lib\Driver\Db\DbMysql.class.php 第 55 行.
SQL: select feeaccount from sys_client where id=1 [ RunTime:0.001000s ]
SQL: insert into sys_cash set client_id='1',score='150',cashflag=1,regdate='2017-05-02 10:53:46',type=1,isget=1 [ RunTime:0.001000s ]
SQL: update sys_client set feeaccount='1028',alipay_account='15092230472' where id='1' [ RunTime:0.032002s ]

[ 2017-05-02T10:55:00+08:00 ] 127.0.0.1 /hm_cjml/index.php/Webservice/V100/cash_withdrawal
INFO: [ app_begin ] --START--
INFO: ReadHtmlCache Behavior ::run [ RunTime:0.001000s ]
INFO: [ app_begin ] --END-- [ RunTime:0.001000s ]
NOTIC: [8192] mysql_connect(): The mysql extension is deprecated and will be removed in the future: use mysqli or PDO instead D:\group16\hm_cjml\ThinkPHP\Lib\Driver\Db\DbMysql.class.php 第 55 行.
SQL: select bank,bankcard_name,bankcard from sys_client where id=1 [ RunTime:0.001000s ]
SQL: select feeaccount from sys_client where id=1 [ RunTime:0.000000s ]
SQL: insert into sys_cash set client_id='1',score='500',cashflag=1,regdate='2017-05-02 10:55:00',type=2,isget=1 [ RunTime:0.000000s ]
SQL: update sys_client set feeaccount='528' where id='1' [ RunTime:0.000000s ]

[ 2017-05-02T16:02:54+08:00 ] 127.0.0.1 /hm_cjml/index.php?g=webshop&m=login&a=index
INFO: [ app_begin ] --START--
INFO: ReadHtmlCache Behavior ::run [ RunTime:0.001000s ]
INFO: [ app_begin ] --END-- [ RunTime:0.001000s ]
NOTIC: [8192] mysql_connect(): The mysql extension is deprecated and will be removed in the future: use mysqli or PDO instead D:\group16\hm_cjml\ThinkPHP\Lib\Driver\Db\DbMysql.class.php 第 55 行.
SQL: select * from sys_shop where username='17800000000'  [ RunTime:0.076004s ]
SQL: update sys_shop set login=login+1,lastlogintime='2017-05-02 16:02:54',lastloginip='127.0.0.1' where id=18 [ RunTime:0.048003s ]

[ 2017-05-02T16:03:00+08:00 ] 127.0.0.1 /hm_cjml/index.php?g=webshop&m=finance&a=finance_list
ERR: 无法加载模块:Finance

[ 2017-05-02T16:03:01+08:00 ] 127.0.0.1 /hm_cjml/index.php?g=webshop&m=order&a=order_list
ERR: 无法加载模块:Order

[ 2017-05-02T16:03:08+08:00 ] 127.0.0.1 /hm_cjml/index.php?g=webshop&m=order&a=order_list
ERR: 无法加载模块:Order

[ 2017-05-02T16:03:09+08:00 ] 127.0.0.1 /hm_cjml/index.php?g=webshop&m=finance&a=finance_list
ERR: 无法加载模块:Finance

[ 2017-05-02T16:16:17+08:00 ] 127.0.0.1 /hm_cjml/index.php?g=webshop&m=finance&a=finance_list
ERR: 无法加载模块:Finance

[ 2017-05-02T16:16:18+08:00 ] 127.0.0.1 /hm_cjml/index.php?g=webshop&m=finance&a=finance_list
ERR: 无法加载模块:Finance

[ 2017-05-02T16:16:18+08:00 ] 127.0.0.1 /hm_cjml/index.php?g=webshop&m=order&a=order_list
ERR: 无法加载模块:Order

[ 2017-05-02T16:27:51+08:00 ] 127.0.0.1 /hm_cjml/index.php/Webservice/V100/cash_withdrawal
INFO: [ app_begin ] --START--
INFO: ReadHtmlCache Behavior ::run [ RunTime:0.001001s ]
INFO: [ app_begin ] --END-- [ RunTime:0.002001s ]
NOTIC: [8192] mysql_connect(): The mysql extension is deprecated and will be removed in the future: use mysqli or PDO instead D:\group16\hm_cjml\ThinkPHP\Lib\Driver\Db\DbMysql.class.php 第 55 行.
SQL: select islive,wealth from sys_client where id=1 [ RunTime:0.000000s ]
SQL: select bank,bankcard_name,bankcard from sys_client where id=1 [ RunTime:0.000000s ]
SQL: select feeaccount from sys_client where id=1 [ RunTime:0.000000s ]
SQL: insert into sys_cash set client_id='1',score='200',cashflag=1,regdate='2017-05-02 16:27:51',type=2,isget=1,bank='建设银行',bankcard_name='王羽泽',bankcard='6854478504693746' [ RunTime:0.000000s ]
SQL: update sys_client set feeaccount='1228' where id='1' [ RunTime:0.017001s ]

[ 2017-05-02T16:54:26+08:00 ] 127.0.0.1 /hm_cjml/index.php/Webservice/V100/cash_withdrawal
INFO: [ app_begin ] --START--
INFO: ReadHtmlCache Behavior ::run [ RunTime:0.001000s ]
INFO: [ app_begin ] --END-- [ RunTime:0.001000s ]
NOTIC: [8192] mysql_connect(): The mysql extension is deprecated and will be removed in the future: use mysqli or PDO instead D:\group16\hm_cjml\ThinkPHP\Lib\Driver\Db\DbMysql.class.php 第 55 行.
SQL: select islive,wealth from sys_client where id=1 [ RunTime:0.000000s ]
SQL: select bank,bankcard_name,bankcard from sys_client where id=1 [ RunTime:0.000000s ]
SQL: select feeaccount from sys_client where id=1 [ RunTime:0.000000s ]
SQL: insert into sys_cash set client_id='1',score='250',cashflag=1,regdate='2017-05-02 16:54:26',type=2,isget=1 [ RunTime:0.000000s ]
SQL: insert into sys_allcash set client_id='1',score='250',keytype=1,regdate='2017-05-02 16:54:26',type=2,flag=1,bank='建设银行',bankcard_name='王羽泽',bankcard='6854478504693746' [ RunTime:0.000000s ]
SQL: update sys_client set feeaccount='978' where id='1' [ RunTime:0.005000s ]

[ 2017-05-02T17:27:48+08:00 ] 127.0.0.1 /hm_cjml/index.php?g=webadmin&m=income&a=cash_list
ERR: Action:get_one_list您所请求的方法不存在！

[ 2017-05-02T17:29:06+08:00 ] 127.0.0.1 /hm_cjml/index.php?g=webadmin&m=income&a=income_list
ERR: 非法操作:income_list

[ 2017-05-02T17:29:43+08:00 ] 127.0.0.1 /hm_cjml/index.php/Webservice/V100/cash_withdrawal
INFO: [ app_begin ] --START--
INFO: ReadHtmlCache Behavior ::run [ RunTime:0.001000s ]
INFO: [ app_begin ] --END-- [ RunTime:0.001000s ]
NOTIC: [8192] mysql_connect(): The mysql extension is deprecated and will be removed in the future: use mysqli or PDO instead D:\group16\hm_cjml\ThinkPHP\Lib\Driver\Db\DbMysql.class.php 第 55 行.
SQL: select islive,wealth from sys_client where id=1 [ RunTime:0.000000s ]
SQL: select feeaccount from sys_client where id=1 [ RunTime:0.000000s ]
SQL: insert into sys_cash set client_id='1',score='50',cashflag=1,regdate='2017-05-02 17:29:43',type=1,isget=1 [ RunTime:0.000000s ]
SQL: insert into sys_allcash set client_id='1',score='50',keytype=1,regdate='2017-05-02 17:29:43',type=1,flag=1,alipay_account='17866666666' [ RunTime:0.000000s ]
SQL: update sys_client set feeaccount='928',alipay_account='17866666666' where id='1' [ RunTime:0.012001s ]

[ 2017-05-02T17:31:28+08:00 ] 127.0.0.1 /hm_cjml/index.php?g=webadmin&m=shop&a=classify_list
INFO: [ app_begin ] --START--
INFO: ReadHtmlCache Behavior ::run [ RunTime:0.001000s ]
INFO: [ app_begin ] --END-- [ RunTime:0.001000s ]
NOTIC: [8192] mysql_connect(): The mysql extension is deprecated and will be removed in the future: use mysqli or PDO instead D:\group16\hm_cjml\ThinkPHP\Lib\Driver\Db\DbMysql.class.php 第 55 行.
SQL: select id,name from sys_classify where parentid=0 and flag=1 [ RunTime:0.000000s ]

[ 2017-05-02T17:31:31+08:00 ] 127.0.0.1 /hm_cjml/index.php?g=webadmin&m=shop&a=classify_list
INFO: [ app_begin ] --START--
INFO: ReadHtmlCache Behavior ::run [ RunTime:0.001000s ]
INFO: [ app_begin ] --END-- [ RunTime:0.001000s ]
NOTIC: [8192] mysql_connect(): The mysql extension is deprecated and will be removed in the future: use mysqli or PDO instead D:\group16\hm_cjml\ThinkPHP\Lib\Driver\Db\DbMysql.class.php 第 55 行.
SQL: select id,name from sys_classify where parentid=0 and flag=1 [ RunTime:0.000000s ]

