[ 2017-03-20T15:10:39+08:00 ] 39.72.65.130 /group16/hm_cjml/index.php?g=webadmin&m=login&a=index
INFO: [ app_begin ] --START--
INFO: ReadHtmlCache Behavior ::run [ RunTime:0.015625s ]
INFO: [ app_begin ] --END-- [ RunTime:0.015625s ]
SQL: select * from sys_admin where account='admin'  [ RunTime:0.000000s ]

[ 2017-03-20T15:11:13+08:00 ] 39.72.65.130 /group16/hm_cjml/index.php?g=webadmin&m=login&a=index
INFO: [ app_begin ] --START--
INFO: ReadHtmlCache Behavior ::run [ RunTime:0.000000s ]
INFO: [ app_begin ] --END-- [ RunTime:0.000000s ]

[ 2017-03-20T15:11:24+08:00 ] 39.72.65.130 /group16/hm_cjml/index.php?g=webadmin&m=login&a=index
INFO: [ app_begin ] --START--
INFO: ReadHtmlCache Behavior ::run [ RunTime:0.000000s ]
INFO: [ app_begin ] --END-- [ RunTime:0.000000s ]
SQL: select * from sys_admin where account='admin'  [ RunTime:0.000000s ]

[ 2017-03-20T15:44:09+08:00 ] 39.72.65.130 /group16/hm_cjml/index.php?g=webadmin&m=login&a=index
INFO: [ app_begin ] --START--
INFO: ReadHtmlCache Behavior ::run [ RunTime:0.000000s ]
INFO: [ app_begin ] --END-- [ RunTime:0.000000s ]

[ 2017-03-20T15:45:09+08:00 ] 39.72.65.130 /group16/hm_cjml/index.php?g=webadmin&m=login&a=index
INFO: [ app_begin ] --START--
INFO: ReadHtmlCache Behavior ::run [ RunTime:0.000000s ]
INFO: [ app_begin ] --END-- [ RunTime:0.000000s ]
SQL: select * from sys_admin where account='admin'  [ RunTime:0.000000s ]

[ 2017-03-20T15:52:25+08:00 ] 39.72.65.130 /group16/hm_cjml/index.php?g=webadmin&m=login&a=index
INFO: [ app_begin ] --START--
INFO: ReadHtmlCache Behavior ::run [ RunTime:0.000000s ]
INFO: [ app_begin ] --END-- [ RunTime:0.000000s ]
SQL: select * from sys_admin where account='admin'  [ RunTime:0.000000s ]
SQL: update sys_admin set login=login+1,lastlogintime='2017-03-20 15:52:25',lastloginip='39.72.65.130' where id=1 [ RunTime:0.000000s ]

[ 2017-03-20T16:05:37+08:00 ] 39.72.65.130 /group16/hm_cjml/index.php?g=webadmin&m=lottery&a=image_text_remove
INFO: [ app_begin ] --START--
INFO: ReadHtmlCache Behavior ::run [ RunTime:0.000000s ]
INFO: [ app_begin ] --END-- [ RunTime:0.000000s ]
SQL: delete from sys_image_text where id in (9) [ RunTime:0.031250s ]

[ 2017-03-20T16:08:16+08:00 ] 39.72.65.130 /group16/hm_cjml/index.php?g=webadmin&m=lottery&a=image_text_remove
INFO: [ app_begin ] --START--
INFO: ReadHtmlCache Behavior ::run [ RunTime:0.000000s ]
INFO: [ app_begin ] --END-- [ RunTime:0.000000s ]
SQL: delete from sys_image_text where id in (10) [ RunTime:0.031250s ]

[ 2017-03-20T16:24:36+08:00 ] 39.72.65.130 /group16/hm_cjml/index.php?g=webadmin&m=lottery&a=image_text_remove
INFO: [ app_begin ] --START--
INFO: ReadHtmlCache Behavior ::run [ RunTime:0.000000s ]
INFO: [ app_begin ] --END-- [ RunTime:0.000000s ]
SQL: delete from sys_image_text where id in (7) [ RunTime:0.031250s ]

[ 2017-03-20T16:38:08+08:00 ] 39.72.65.130 /group16/hm_cjml/index.php?g=webadmin&m=lottery&a=image_text_remove
INFO: [ app_begin ] --START--
INFO: ReadHtmlCache Behavior ::run [ RunTime:0.000000s ]
INFO: [ app_begin ] --END-- [ RunTime:0.000000s ]
SQL: delete from sys_image_text where id in (12) [ RunTime:0.031250s ]

[ 2017-03-20T16:44:45+08:00 ] 39.72.65.130 /group16/hm_cjml/index.php?g=webadmin&m=lottery&a=image_text_remove
INFO: [ app_begin ] --START--
INFO: ReadHtmlCache Behavior ::run [ RunTime:0.000000s ]
INFO: [ app_begin ] --END-- [ RunTime:0.000000s ]
SQL: delete from sys_image_text where id in (11) [ RunTime:0.031250s ]

[ 2017-03-20T16:55:46+08:00 ] 39.72.65.130 /group16/hm_cjml/index.php?g=webadmin&m=lottery&a=image_text_save
INFO: [ app_begin ] --START--
INFO: ReadHtmlCache Behavior ::run [ RunTime:0.000000s ]
INFO: [ app_begin ] --END-- [ RunTime:0.000000s ]
SQL: select * from sys_shop where id = '7' [ RunTime:0.000000s ]
SQL: update sys_image_text set  answer = '合欢花', type = '2', shop_id = '7' where id=15 [ RunTime:0.031250s ]

