执行日期：2017-01-24-19：35：44
【接收到的notify通知】:
<xml><appid><![CDATA[wx7664d889f1d69316]]></appid>
<bank_type><![CDATA[CFT]]></bank_type>
<cash_fee><![CDATA[200]]></cash_fee>
<fee_type><![CDATA[CNY]]></fee_type>
<is_subscribe><![CDATA[N]]></is_subscribe>
<mch_id><![CDATA[1436774102]]></mch_id>
<nonce_str><![CDATA[72xibg1c1hgg02a628h0mtkxgj7x1h2z]]></nonce_str>
<openid><![CDATA[oDQ8qwfTJCMghB82yEWsXqYYl2co]]></openid>
<out_trade_no><![CDATA[20170124193326ID85]]></out_trade_no>
<result_code><![CDATA[SUCCESS]]></result_code>
<return_code><![CDATA[SUCCESS]]></return_code>
<sign><![CDATA[ECF0F743D9701182C6DEABA454EA3450]]></sign>
<time_end><![CDATA[20170124193544]]></time_end>
<total_fee>200</total_fee>
<trade_type><![CDATA[APP]]></trade_type>
<transaction_id><![CDATA[4007172001201701247437240696]]></transaction_id>
</xml>


执行日期：2017-01-24-19：35：45
【支付成功】:
<xml><appid><![CDATA[wx7664d889f1d69316]]></appid>
<bank_type><![CDATA[CFT]]></bank_type>
<cash_fee><![CDATA[200]]></cash_fee>
<fee_type><![CDATA[CNY]]></fee_type>
<is_subscribe><![CDATA[N]]></is_subscribe>
<mch_id><![CDATA[1436774102]]></mch_id>
<nonce_str><![CDATA[72xibg1c1hgg02a628h0mtkxgj7x1h2z]]></nonce_str>
<openid><![CDATA[oDQ8qwfTJCMghB82yEWsXqYYl2co]]></openid>
<out_trade_no><![CDATA[20170124193326ID85]]></out_trade_no>
<result_code><![CDATA[SUCCESS]]></result_code>
<return_code><![CDATA[SUCCESS]]></return_code>
<sign><![CDATA[ECF0F743D9701182C6DEABA454EA3450]]></sign>
<time_end><![CDATA[20170124193544]]></time_end>
<total_fee>200</total_fee>
<trade_type><![CDATA[APP]]></trade_type>
<transaction_id><![CDATA[4007172001201701247437240696]]></transaction_id>
</xml>


执行日期：2017-01-24-19：35：52
【接收到的notify通知】:
<xml><appid><![CDATA[wx7664d889f1d69316]]></appid>
<bank_type><![CDATA[CFT]]></bank_type>
<cash_fee><![CDATA[200]]></cash_fee>
<fee_type><![CDATA[CNY]]></fee_type>
<is_subscribe><![CDATA[N]]></is_subscribe>
<mch_id><![CDATA[1436774102]]></mch_id>
<nonce_str><![CDATA[njlekh0dgr5v4c9xigibz38ypu5byqjg]]></nonce_str>
<openid><![CDATA[oDQ8qwc3c9ZwYeVE9ghQctybnU_0]]></openid>
<out_trade_no><![CDATA[20170124193533ID86]]></out_trade_no>
<result_code><![CDATA[SUCCESS]]></result_code>
<return_code><![CDATA[SUCCESS]]></return_code>
<sign><![CDATA[73563A69CBF7A56BB8E9482B128F29BB]]></sign>
<time_end><![CDATA[20170124193552]]></time_end>
<total_fee>200</total_fee>
<trade_type><![CDATA[APP]]></trade_type>
<transaction_id><![CDATA[4005432001201701247437282212]]></transaction_id>
</xml>


执行日期：2017-01-24-19：35：53
【支付成功】:
<xml><appid><![CDATA[wx7664d889f1d69316]]></appid>
<bank_type><![CDATA[CFT]]></bank_type>
<cash_fee><![CDATA[200]]></cash_fee>
<fee_type><![CDATA[CNY]]></fee_type>
<is_subscribe><![CDATA[N]]></is_subscribe>
<mch_id><![CDATA[1436774102]]></mch_id>
<nonce_str><![CDATA[njlekh0dgr5v4c9xigibz38ypu5byqjg]]></nonce_str>
<openid><![CDATA[oDQ8qwc3c9ZwYeVE9ghQctybnU_0]]></openid>
<out_trade_no><![CDATA[20170124193533ID86]]></out_trade_no>
<result_code><![CDATA[SUCCESS]]></result_code>
<return_code><![CDATA[SUCCESS]]></return_code>
<sign><![CDATA[73563A69CBF7A56BB8E9482B128F29BB]]></sign>
<time_end><![CDATA[20170124193552]]></time_end>
<total_fee>200</total_fee>
<trade_type><![CDATA[APP]]></trade_type>
<transaction_id><![CDATA[4005432001201701247437282212]]></transaction_id>
</xml>


执行日期：2017-01-24-19：43：24
【接收到的notify通知】:
<xml><appid><![CDATA[wx7664d889f1d69316]]></appid>
<bank_type><![CDATA[CFT]]></bank_type>
<cash_fee><![CDATA[19800]]></cash_fee>
<fee_type><![CDATA[CNY]]></fee_type>
<is_subscribe><![CDATA[N]]></is_subscribe>
<mch_id><![CDATA[1436774102]]></mch_id>
<nonce_str><![CDATA[kq0dto3ptjzehj8yq1vg9hzzu63yjgmi]]></nonce_str>
<openid><![CDATA[oDQ8qwfLO-ev6r3pmS_sAlnkilj0]]></openid>
<out_trade_no><![CDATA[20170124194130ID87]]></out_trade_no>
<result_code><![CDATA[SUCCESS]]></result_code>
<return_code><![CDATA[SUCCESS]]></return_code>
<sign><![CDATA[0ED69D48912377824FBD1B2D330A1717]]></sign>
<time_end><![CDATA[20170124194324]]></time_end>
<total_fee>19800</total_fee>
<trade_type><![CDATA[APP]]></trade_type>
<transaction_id><![CDATA[4001222001201701247441234193]]></transaction_id>
</xml>


执行日期：2017-01-24-19：43：24
【支付成功】:
<xml><appid><![CDATA[wx7664d889f1d69316]]></appid>
<bank_type><![CDATA[CFT]]></bank_type>
<cash_fee><![CDATA[19800]]></cash_fee>
<fee_type><![CDATA[CNY]]></fee_type>
<is_subscribe><![CDATA[N]]></is_subscribe>
<mch_id><![CDATA[1436774102]]></mch_id>
<nonce_str><![CDATA[kq0dto3ptjzehj8yq1vg9hzzu63yjgmi]]></nonce_str>
<openid><![CDATA[oDQ8qwfLO-ev6r3pmS_sAlnkilj0]]></openid>
<out_trade_no><![CDATA[20170124194130ID87]]></out_trade_no>
<result_code><![CDATA[SUCCESS]]></result_code>
<return_code><![CDATA[SUCCESS]]></return_code>
<sign><![CDATA[0ED69D48912377824FBD1B2D330A1717]]></sign>
<time_end><![CDATA[20170124194324]]></time_end>
<total_fee>19800</total_fee>
<trade_type><![CDATA[APP]]></trade_type>
<transaction_id><![CDATA[4001222001201701247441234193]]></transaction_id>
</xml>


